[ 2015-05-12T20:14:43+08:00 ] 127.0.0.1 /lunwen/
INFO: [ app_init ] --START--
INFO: Run Behavior\BuildLiteBehavior [ RunTime:0.000000s ]
INFO: [ app_init ] --END-- [ RunTime:0.001000s ]
INFO: [ app_begin ] --START--
INFO: Run Behavior\ReadHtmlCacheBehavior [ RunTime:0.001000s ]
INFO: [ app_begin ] --END-- [ RunTime:0.002000s ]
NOTIC: [8] Undefined index: user C:\phpworkspace\lunwen\Application\Home\Controller\SessionController.class.php 第 15 行.

[ 2015-05-12T20:14:43+08:00 ] 127.0.0.1 /lunwen/index.php/Home/User/index.html
INFO: [ app_init ] --START--
INFO: Run Behavior\BuildLiteBehavior [ RunTime:0.000000s ]
INFO: [ app_init ] --END-- [ RunTime:0.000000s ]
INFO: [ app_begin ] --START--
INFO: Run Behavior\ReadHtmlCacheBehavior [ RunTime:0.000000s ]
INFO: [ app_begin ] --END-- [ RunTime:0.000000s ]
INFO: [ view_parse ] --START--
INFO: [ template_filter ] --START--
INFO: Run Behavior\ContentReplaceBehavior [ RunTime:0.000000s ]
INFO: [ template_filter ] --END-- [ RunTime:0.000000s ]
INFO: Run Behavior\ParseTemplateBehavior [ RunTime:0.011001s ]
INFO: [ view_parse ] --END-- [ RunTime:0.011001s ]
INFO: [ view_filter ] --START--
INFO: Run Behavior\WriteHtmlCacheBehavior [ RunTime:0.001000s ]
INFO: [ view_filter ] --END-- [ RunTime:0.002000s ]
INFO: [ app_end ] --START--
INFO: Run Behavior\ShowPageTraceBehavior [ RunTime:0.002000s ]
INFO: [ app_end ] --END-- [ RunTime:0.002000s ]

[ 2015-05-12T20:15:13+08:00 ] 127.0.0.1 /lunwen/index.php/home/user/login
INFO: [ app_init ] --START--
INFO: Run Behavior\BuildLiteBehavior [ RunTime:0.000000s ]
INFO: [ app_init ] --END-- [ RunTime:0.001000s ]
INFO: [ app_begin ] --START--
INFO: Run Behavior\ReadHtmlCacheBehavior [ RunTime:0.001000s ]
INFO: [ app_begin ] --END-- [ RunTime:0.001000s ]
SQL: SHOW COLUMNS FROM `user` [ RunTime:0.008001s ]
SQL: SELECT * FROM `user` WHERE ( username='admin' and password='admin' ) LIMIT 1   [ RunTime:0.002000s ]
INFO: [ app_end ] --START--
INFO: Run Behavior\ShowPageTraceBehavior [ RunTime:0.001000s ]
INFO: [ app_end ] --END-- [ RunTime:0.002000s ]

[ 2015-05-12T20:15:13+08:00 ] 127.0.0.1 /lunwen/
INFO: [ app_init ] --START--
INFO: Run Behavior\BuildLiteBehavior [ RunTime:0.000000s ]
INFO: [ app_init ] --END-- [ RunTime:0.001000s ]
INFO: [ app_begin ] --START--
INFO: Run Behavior\ReadHtmlCacheBehavior [ RunTime:0.002000s ]
INFO: [ app_begin ] --END-- [ RunTime:0.002000s ]
INFO: [ view_parse ] --START--
INFO: [ template_filter ] --START--
INFO: Run Behavior\ContentReplaceBehavior [ RunTime:0.000000s ]
INFO: [ template_filter ] --END-- [ RunTime:0.000000s ]
INFO: Run Behavior\ParseTemplateBehavior [ RunTime:0.013001s ]
INFO: [ view_parse ] --END-- [ RunTime:0.013001s ]
INFO: [ view_filter ] --START--
INFO: Run Behavior\WriteHtmlCacheBehavior [ RunTime:0.001000s ]
INFO: [ view_filter ] --END-- [ RunTime:0.001000s ]
INFO: [ app_end ] --START--
INFO: Run Behavior\ShowPageTraceBehavior [ RunTime:0.002000s ]
INFO: [ app_end ] --END-- [ RunTime:0.002000s ]

[ 2015-05-12T20:15:14+08:00 ] 127.0.0.1 /lunwen/index.php/home/index/authority_tree
INFO: [ app_init ] --START--
INFO: Run Behavior\BuildLiteBehavior [ RunTime:0.000000s ]
INFO: [ app_init ] --END-- [ RunTime:0.000000s ]
INFO: [ app_begin ] --START--
INFO: Run Behavior\ReadHtmlCacheBehavior [ RunTime:0.001000s ]
INFO: [ app_begin ] --END-- [ RunTime:0.001000s ]
SQL: SHOW COLUMNS FROM `user` [ RunTime:0.005001s ]
SQL: SELECT * FROM `user` WHERE ( username='admin' and password ='admin' )  [ RunTime:0.000000s ]
SQL: SHOW COLUMNS FROM `role` [ RunTime:0.005000s ]
SQL: SELECT * FROM `role` WHERE ( id=8 )  [ RunTime:0.000000s ]
SQL: SHOW COLUMNS FROM `authority` [ RunTime:0.004000s ]
SQL: SELECT * FROM `authority` WHERE `id` IN ('1','0','2','3','4','5','6','7','26','8','9','10','11','12','13','14','15','16','17','18','19','20','21','22','23','24','25')  [ RunTime:0.001000s ]
INFO: [ app_end ] --START--
INFO: Run Behavior\ShowPageTraceBehavior [ RunTime:0.001000s ]
INFO: [ app_end ] --END-- [ RunTime:0.001000s ]

[ 2015-05-12T20:15:22+08:00 ] 127.0.0.1 /lunwen/index.php/Home/System/office_list
INFO: [ app_init ] --START--
INFO: Run Behavior\BuildLiteBehavior [ RunTime:0.000000s ]
INFO: [ app_init ] --END-- [ RunTime:0.000000s ]
INFO: [ app_begin ] --START--
INFO: Run Behavior\ReadHtmlCacheBehavior [ RunTime:0.001000s ]
INFO: [ app_begin ] --END-- [ RunTime:0.001000s ]
SQL: SHOW COLUMNS FROM `dept` [ RunTime:0.005000s ]
SQL: SELECT COUNT(*) AS tp_count FROM `dept` LIMIT 1   [ RunTime:0.001000s ]
SQL: SHOW COLUMNS FROM `dept` [ RunTime:0.004000s ]
SQL: SELECT a.id,a.text,(SELECT text FROM dept c where a.fid=c.id) as parent FROM dept a WHERE ( a.fid in (SELECT b.id FROM dept b) ) LIMIT 0,5   [ RunTime:0.001000s ]
INFO: [ view_parse ] --START--
INFO: [ template_filter ] --START--
INFO: Run Behavior\ContentReplaceBehavior [ RunTime:0.000000s ]
INFO: [ template_filter ] --END-- [ RunTime:0.000000s ]
INFO: Run Behavior\ParseTemplateBehavior [ RunTime:0.013001s ]
INFO: [ view_parse ] --END-- [ RunTime:0.013001s ]
INFO: [ view_filter ] --START--
INFO: Run Behavior\WriteHtmlCacheBehavior [ RunTime:0.001000s ]
INFO: [ view_filter ] --END-- [ RunTime:0.001000s ]
INFO: [ app_end ] --START--
INFO: Run Behavior\ShowPageTraceBehavior [ RunTime:0.001000s ]
INFO: [ app_end ] --END-- [ RunTime:0.001000s ]

[ 2015-05-12T20:15:23+08:00 ] 127.0.0.1 /lunwen/index.php/home/dept/dept_tree
INFO: [ app_init ] --START--
INFO: Run Behavior\BuildLiteBehavior [ RunTime:0.001000s ]
INFO: [ app_init ] --END-- [ RunTime:0.001000s ]
INFO: [ app_begin ] --START--
INFO: Run Behavior\ReadHtmlCacheBehavior [ RunTime:0.001000s ]
INFO: [ app_begin ] --END-- [ RunTime:0.001000s ]
SQL: SHOW COLUMNS FROM `dept` [ RunTime:0.004000s ]
SQL: SELECT * FROM `dept`  [ RunTime:0.000000s ]
INFO: [ app_end ] --START--
INFO: Run Behavior\ShowPageTraceBehavior [ RunTime:0.001000s ]
INFO: [ app_end ] --END-- [ RunTime:0.001000s ]

[ 2015-05-12T20:15:25+08:00 ] 127.0.0.1 /lunwen/index.php/home/fixedassets/toFixed_update
INFO: [ app_init ] --START--
INFO: Run Behavior\BuildLiteBehavior [ RunTime:0.000000s ]
INFO: [ app_init ] --END-- [ RunTime:0.000000s ]
INFO: [ app_begin ] --START--
INFO: Run Behavior\ReadHtmlCacheBehavior [ RunTime:0.001000s ]
INFO: [ app_begin ] --END-- [ RunTime:0.001000s ]
SQL: SHOW COLUMNS FROM `fixed_assets` [ RunTime:0.004000s ]
SQL: SELECT COUNT(*) AS tp_count FROM `fixed_assets` LIMIT 1   [ RunTime:0.000000s ]
SQL: SHOW COLUMNS FROM `device_rate` [ RunTime:0.008001s ]
SQL: SHOW COLUMNS FROM `dept` [ RunTime:0.004000s ]
SQL: SELECT * FROM `fixed_assets` ORDER BY id desc LIMIT 0,5   [ RunTime:0.001000s ]
SQL: SELECT * FROM `device_rate` WHERE ( id=8 )  [ RunTime:0.000000s ]
SQL: SELECT * FROM `dept` WHERE ( id=26 )  [ RunTime:0.001000s ]
INFO: [ view_parse ] --START--
INFO: [ template_filter ] --START--
INFO: Run Behavior\ContentReplaceBehavior [ RunTime:0.000000s ]
INFO: [ template_filter ] --END-- [ RunTime:0.000000s ]
INFO: Run Behavior\ParseTemplateBehavior [ RunTime:0.010001s ]
INFO: [ view_parse ] --END-- [ RunTime:0.010001s ]
INFO: [ view_filter ] --START--
INFO: Run Behavior\WriteHtmlCacheBehavior [ RunTime:0.001000s ]
INFO: [ view_filter ] --END-- [ RunTime:0.001000s ]
INFO: [ app_end ] --START--
INFO: Run Behavior\ShowPageTraceBehavior [ RunTime:0.001000s ]
INFO: [ app_end ] --END-- [ RunTime:0.001000s ]

[ 2015-05-12T20:15:26+08:00 ] 127.0.0.1 /lunwen/index.php/home/fixedassets/index
INFO: [ app_init ] --START--
INFO: Run Behavior\BuildLiteBehavior [ RunTime:0.000000s ]
INFO: [ app_init ] --END-- [ RunTime:0.000000s ]
INFO: [ app_begin ] --START--
INFO: Run Behavior\ReadHtmlCacheBehavior [ RunTime:0.001000s ]
INFO: [ app_begin ] --END-- [ RunTime:0.001000s ]
SQL: SHOW COLUMNS FROM `fixed_assets` [ RunTime:0.004001s ]
SQL: SELECT COUNT(*) AS tp_count FROM `fixed_assets` LIMIT 1   [ RunTime:0.000000s ]
SQL: SHOW COLUMNS FROM `device_rate` [ RunTime:0.004000s ]
SQL: SHOW COLUMNS FROM `dept` [ RunTime:0.004000s ]
SQL: SELECT * FROM `fixed_assets` ORDER BY id desc LIMIT 0,5   [ RunTime:0.000000s ]
SQL: SELECT * FROM `device_rate` WHERE ( id=8 )  [ RunTime:0.001000s ]
SQL: SELECT * FROM `dept` WHERE ( id=26 )  [ RunTime:0.000000s ]
INFO: [ view_parse ] --START--
INFO: [ template_filter ] --START--
INFO: Run Behavior\ContentReplaceBehavior [ RunTime:0.000000s ]
INFO: [ template_filter ] --END-- [ RunTime:0.000000s ]
NOTIC: [8] Undefined variable: dept C:\phpworkspace\lunwen\Application\Runtime\Cache\Home\77ea002ef4840d4a9f55c327cbffd89d.php 第 54 行.
NOTIC: [8] Undefined variable: buy_time_start C:\phpworkspace\lunwen\Application\Runtime\Cache\Home\77ea002ef4840d4a9f55c327cbffd89d.php 第 55 行.
NOTIC: [8] Undefined variable: buy_time_end C:\phpworkspace\lunwen\Application\Runtime\Cache\Home\77ea002ef4840d4a9f55c327cbffd89d.php 第 57 行.
NOTIC: [8] Undefined variable: money_low C:\phpworkspace\lunwen\Application\Runtime\Cache\Home\77ea002ef4840d4a9f55c327cbffd89d.php 第 59 行.
NOTIC: [8] Undefined variable: money_high C:\phpworkspace\lunwen\Application\Runtime\Cache\Home\77ea002ef4840d4a9f55c327cbffd89d.php 第 59 行.
INFO: Run Behavior\ParseTemplateBehavior [ RunTime:0.009001s ]
INFO: [ view_parse ] --END-- [ RunTime:0.009001s ]
INFO: [ view_filter ] --START--
INFO: Run Behavior\WriteHtmlCacheBehavior [ RunTime:0.000000s ]
INFO: [ view_filter ] --END-- [ RunTime:0.000000s ]
INFO: [ app_end ] --START--
INFO: Run Behavior\ShowPageTraceBehavior [ RunTime:0.001000s ]
INFO: [ app_end ] --END-- [ RunTime:0.001000s ]

[ 2015-05-12T20:15:28+08:00 ] 127.0.0.1 /lunwen/index.php/home/device/device_type_data
INFO: [ app_init ] --START--
INFO: Run Behavior\BuildLiteBehavior [ RunTime:0.000000s ]
INFO: [ app_init ] --END-- [ RunTime:0.000000s ]
INFO: [ app_begin ] --START--
INFO: Run Behavior\ReadHtmlCacheBehavior [ RunTime:0.001000s ]
INFO: [ app_begin ] --END-- [ RunTime:0.001000s ]
SQL: SHOW COLUMNS FROM `device_rate` [ RunTime:0.005001s ]
SQL: SELECT * FROM `device_rate`  [ RunTime:0.001000s ]
INFO: [ app_end ] --START--
INFO: Run Behavior\ShowPageTraceBehavior [ RunTime:0.001000s ]
INFO: [ app_end ] --END-- [ RunTime:0.001000s ]

[ 2015-05-12T20:15:29+08:00 ] 127.0.0.1 /lunwen/index.php/home/dept/dept_tree
INFO: [ app_init ] --START--
INFO: Run Behavior\BuildLiteBehavior [ RunTime:0.000000s ]
INFO: [ app_init ] --END-- [ RunTime:0.001000s ]
INFO: [ app_begin ] --START--
INFO: Run Behavior\ReadHtmlCacheBehavior [ RunTime:0.001000s ]
INFO: [ app_begin ] --END-- [ RunTime:0.001000s ]
SQL: SHOW COLUMNS FROM `dept` [ RunTime:0.004000s ]
SQL: SELECT * FROM `dept`  [ RunTime:0.001000s ]
INFO: [ app_end ] --START--
INFO: Run Behavior\ShowPageTraceBehavior [ RunTime:0.001000s ]
INFO: [ app_end ] --END-- [ RunTime:0.001000s ]

[ 2015-05-12T20:17:26+08:00 ] 127.0.0.1 /lunwen/index.php/home/fixedassets/index
INFO: [ app_init ] --START--
INFO: Run Behavior\BuildLiteBehavior [ RunTime:0.000000s ]
INFO: [ app_init ] --END-- [ RunTime:0.001000s ]
INFO: [ app_begin ] --START--
INFO: Run Behavior\ReadHtmlCacheBehavior [ RunTime:0.001000s ]
INFO: [ app_begin ] --END-- [ RunTime:0.001000s ]
SQL: SHOW COLUMNS FROM `fixed_assets` [ RunTime:0.005000s ]
SQL: SELECT COUNT(*) AS tp_count FROM `fixed_assets` LIMIT 1   [ RunTime:0.000000s ]
SQL: SHOW COLUMNS FROM `device_rate` [ RunTime:0.004001s ]
SQL: SHOW COLUMNS FROM `dept` [ RunTime:0.005000s ]
SQL: SELECT * FROM `fixed_assets` ORDER BY id desc LIMIT 0,5   [ RunTime:0.000000s ]
SQL: SELECT * FROM `device_rate` WHERE ( id=8 )  [ RunTime:0.001000s ]
SQL: SELECT * FROM `dept` WHERE ( id=26 )  [ RunTime:0.000000s ]
INFO: [ view_parse ] --START--
INFO: [ template_filter ] --START--
INFO: Run Behavior\ContentReplaceBehavior [ RunTime:0.000000s ]
INFO: [ template_filter ] --END-- [ RunTime:0.000000s ]
NOTIC: [8] Undefined variable: dept C:\phpworkspace\lunwen\Application\Runtime\Cache\Home\77ea002ef4840d4a9f55c327cbffd89d.php 第 54 行.
NOTIC: [8] Undefined variable: buy_time_start C:\phpworkspace\lunwen\Application\Runtime\Cache\Home\77ea002ef4840d4a9f55c327cbffd89d.php 第 55 行.
NOTIC: [8] Undefined variable: buy_time_end C:\phpworkspace\lunwen\Application\Runtime\Cache\Home\77ea002ef4840d4a9f55c327cbffd89d.php 第 57 行.
NOTIC: [8] Undefined variable: money_low C:\phpworkspace\lunwen\Application\Runtime\Cache\Home\77ea002ef4840d4a9f55c327cbffd89d.php 第 59 行.
NOTIC: [8] Undefined variable: money_high C:\phpworkspace\lunwen\Application\Runtime\Cache\Home\77ea002ef4840d4a9f55c327cbffd89d.php 第 59 行.
INFO: Run Behavior\ParseTemplateBehavior [ RunTime:0.010001s ]
INFO: [ view_parse ] --END-- [ RunTime:0.010001s ]
INFO: [ view_filter ] --START--
INFO: Run Behavior\WriteHtmlCacheBehavior [ RunTime:0.000000s ]
INFO: [ view_filter ] --END-- [ RunTime:0.000000s ]
INFO: [ app_end ] --START--
INFO: Run Behavior\ShowPageTraceBehavior [ RunTime:0.001000s ]
INFO: [ app_end ] --END-- [ RunTime:0.001000s ]

[ 2015-05-12T20:17:27+08:00 ] 127.0.0.1 /lunwen/index.php/home/device/device_type_data
INFO: [ app_init ] --START--
INFO: Run Behavior\BuildLiteBehavior [ RunTime:0.000000s ]
INFO: [ app_init ] --END-- [ RunTime:0.000000s ]
INFO: [ app_begin ] --START--
INFO: Run Behavior\ReadHtmlCacheBehavior [ RunTime:0.000000s ]
INFO: [ app_begin ] --END-- [ RunTime:0.001000s ]
SQL: SHOW COLUMNS FROM `device_rate` [ RunTime:0.007000s ]
SQL: SELECT * FROM `device_rate`  [ RunTime:0.000000s ]
INFO: [ app_end ] --START--
INFO: Run Behavior\ShowPageTraceBehavior [ RunTime:0.001000s ]
INFO: [ app_end ] --END-- [ RunTime:0.001000s ]

[ 2015-05-12T20:17:28+08:00 ] 127.0.0.1 /lunwen/index.php/home/dept/dept_tree
INFO: [ app_init ] --START--
INFO: Run Behavior\BuildLiteBehavior [ RunTime:0.000000s ]
INFO: [ app_init ] --END-- [ RunTime:0.001001s ]
INFO: [ app_begin ] --START--
INFO: Run Behavior\ReadHtmlCacheBehavior [ RunTime:0.001000s ]
INFO: [ app_begin ] --END-- [ RunTime:0.001000s ]
SQL: SHOW COLUMNS FROM `dept` [ RunTime:0.004000s ]
SQL: SELECT * FROM `dept`  [ RunTime:0.000000s ]
INFO: [ app_end ] --START--
INFO: Run Behavior\ShowPageTraceBehavior [ RunTime:0.001000s ]
INFO: [ app_end ] --END-- [ RunTime:0.001000s ]

[ 2015-05-12T20:17:52+08:00 ] 127.0.0.1 /lunwen/index.php/home/fixedassets/index
INFO: [ app_init ] --START--
INFO: Run Behavior\BuildLiteBehavior [ RunTime:0.001000s ]
INFO: [ app_init ] --END-- [ RunTime:0.001000s ]
INFO: [ app_begin ] --START--
INFO: Run Behavior\ReadHtmlCacheBehavior [ RunTime:0.001000s ]
INFO: [ app_begin ] --END-- [ RunTime:0.001000s ]
SQL: SHOW COLUMNS FROM `fixed_assets` [ RunTime:0.004000s ]
SQL: SELECT COUNT(*) AS tp_count FROM `fixed_assets` LIMIT 1   [ RunTime:0.000000s ]
SQL: SHOW COLUMNS FROM `device_rate` [ RunTime:0.003001s ]
SQL: SHOW COLUMNS FROM `dept` [ RunTime:0.007000s ]
SQL: SELECT * FROM `fixed_assets` ORDER BY id desc LIMIT 0,5   [ RunTime:0.001000s ]
SQL: SELECT * FROM `device_rate` WHERE ( id=8 )  [ RunTime:0.000000s ]
SQL: SELECT * FROM `dept` WHERE ( id=26 )  [ RunTime:0.000000s ]
INFO: [ view_parse ] --START--
INFO: [ template_filter ] --START--
INFO: Run Behavior\ContentReplaceBehavior [ RunTime:0.000000s ]
INFO: [ template_filter ] --END-- [ RunTime:0.000000s ]
NOTIC: [8] Undefined variable: dept C:\phpworkspace\lunwen\Application\Runtime\Cache\Home\77ea002ef4840d4a9f55c327cbffd89d.php 第 54 行.
NOTIC: [8] Undefined variable: buy_time_start C:\phpworkspace\lunwen\Application\Runtime\Cache\Home\77ea002ef4840d4a9f55c327cbffd89d.php 第 55 行.
NOTIC: [8] Undefined variable: buy_time_end C:\phpworkspace\lunwen\Application\Runtime\Cache\Home\77ea002ef4840d4a9f55c327cbffd89d.php 第 57 行.
NOTIC: [8] Undefined variable: money_low C:\phpworkspace\lunwen\Application\Runtime\Cache\Home\77ea002ef4840d4a9f55c327cbffd89d.php 第 59 行.
NOTIC: [8] Undefined variable: money_high C:\phpworkspace\lunwen\Application\Runtime\Cache\Home\77ea002ef4840d4a9f55c327cbffd89d.php 第 59 行.
NOTIC: [8] Undefined variable: list C:\phpworkspace\lunwen\Application\Runtime\Cache\Home\77ea002ef4840d4a9f55c327cbffd89d.php 第 72 行.
INFO: Run Behavior\ParseTemplateBehavior [ RunTime:0.013001s ]
INFO: [ view_parse ] --END-- [ RunTime:0.013001s ]
INFO: [ view_filter ] --START--
INFO: Run Behavior\WriteHtmlCacheBehavior [ RunTime:0.001000s ]
INFO: [ view_filter ] --END-- [ RunTime:0.001000s ]
INFO: [ app_end ] --START--
INFO: Run Behavior\ShowPageTraceBehavior [ RunTime:0.000000s ]
INFO: [ app_end ] --END-- [ RunTime:0.001000s ]

[ 2015-05-12T20:17:53+08:00 ] 127.0.0.1 /lunwen/index.php/home/device/device_type_data
INFO: [ app_init ] --START--
INFO: Run Behavior\BuildLiteBehavior [ RunTime:0.000000s ]
INFO: [ app_init ] --END-- [ RunTime:0.001000s ]
INFO: [ app_begin ] --START--
INFO: Run Behavior\ReadHtmlCacheBehavior [ RunTime:0.002000s ]
INFO: [ app_begin ] --END-- [ RunTime:0.002000s ]
SQL: SHOW COLUMNS FROM `device_rate` [ RunTime:0.004001s ]
SQL: SELECT * FROM `device_rate`  [ RunTime:0.000000s ]
INFO: [ app_end ] --START--
INFO: Run Behavior\ShowPageTraceBehavior [ RunTime:0.001000s ]
INFO: [ app_end ] --END-- [ RunTime:0.001000s ]

[ 2015-05-12T20:17:54+08:00 ] 127.0.0.1 /lunwen/index.php/home/dept/dept_tree
INFO: [ app_init ] --START--
INFO: Run Behavior\BuildLiteBehavior [ RunTime:0.000000s ]
INFO: [ app_init ] --END-- [ RunTime:0.001000s ]
INFO: [ app_begin ] --START--
INFO: Run Behavior\ReadHtmlCacheBehavior [ RunTime:0.001000s ]
INFO: [ app_begin ] --END-- [ RunTime:0.001000s ]
SQL: SHOW COLUMNS FROM `dept` [ RunTime:0.003000s ]
SQL: SELECT * FROM `dept`  [ RunTime:0.001000s ]
INFO: [ app_end ] --START--
INFO: Run Behavior\ShowPageTraceBehavior [ RunTime:0.001000s ]
INFO: [ app_end ] --END-- [ RunTime:0.001000s ]

[ 2015-05-12T20:17:54+08:00 ] 127.0.0.1 /lunwen/
INFO: [ app_init ] --START--
INFO: Run Behavior\BuildLiteBehavior [ RunTime:0.000000s ]
INFO: [ app_init ] --END-- [ RunTime:0.001000s ]
INFO: [ app_begin ] --START--
INFO: Run Behavior\ReadHtmlCacheBehavior [ RunTime:0.001000s ]
INFO: [ app_begin ] --END-- [ RunTime:0.001000s ]
INFO: [ view_parse ] --START--
INFO: [ template_filter ] --START--
INFO: Run Behavior\ContentReplaceBehavior [ RunTime:0.001000s ]
INFO: [ template_filter ] --END-- [ RunTime:0.001000s ]
INFO: Run Behavior\ParseTemplateBehavior [ RunTime:0.009000s ]
INFO: [ view_parse ] --END-- [ RunTime:0.010000s ]
INFO: [ view_filter ] --START--
INFO: Run Behavior\WriteHtmlCacheBehavior [ RunTime:0.000000s ]
INFO: [ view_filter ] --END-- [ RunTime:0.000000s ]
INFO: [ app_end ] --START--
INFO: Run Behavior\ShowPageTraceBehavior [ RunTime:0.001000s ]
INFO: [ app_end ] --END-- [ RunTime:0.001000s ]

[ 2015-05-12T20:17:56+08:00 ] 127.0.0.1 /lunwen/index.php/home/index/authority_tree
INFO: [ app_init ] --START--
INFO: Run Behavior\BuildLiteBehavior [ RunTime:0.000000s ]
INFO: [ app_init ] --END-- [ RunTime:0.001000s ]
INFO: [ app_begin ] --START--
INFO: Run Behavior\ReadHtmlCacheBehavior [ RunTime:0.001000s ]
INFO: [ app_begin ] --END-- [ RunTime:0.001000s ]
SQL: SHOW COLUMNS FROM `user` [ RunTime:0.005000s ]
SQL: SELECT * FROM `user` WHERE ( username='admin' and password ='admin' )  [ RunTime:0.001000s ]
SQL: SHOW COLUMNS FROM `role` [ RunTime:0.003000s ]
SQL: SELECT * FROM `role` WHERE ( id=8 )  [ RunTime:0.001000s ]
SQL: SHOW COLUMNS FROM `authority` [ RunTime:0.004000s ]
SQL: SELECT * FROM `authority` WHERE `id` IN ('1','0','2','3','4','5','6','7','26','8','9','10','11','12','13','14','15','16','17','18','19','20','21','22','23','24','25')  [ RunTime:0.001000s ]
INFO: [ app_end ] --START--
INFO: Run Behavior\ShowPageTraceBehavior [ RunTime:0.001001s ]
INFO: [ app_end ] --END-- [ RunTime:0.001001s ]

[ 2015-05-12T20:17:58+08:00 ] 127.0.0.1 /lunwen/index.php/home/tongji/is_used
INFO: [ app_init ] --START--
INFO: Run Behavior\BuildLiteBehavior [ RunTime:0.000000s ]
INFO: [ app_init ] --END-- [ RunTime:0.001000s ]
INFO: [ app_begin ] --START--
INFO: Run Behavior\ReadHtmlCacheBehavior [ RunTime:0.001000s ]
INFO: [ app_begin ] --END-- [ RunTime:0.001000s ]
NOTIC: [8] Undefined index: dept C:\phpworkspace\lunwen\Application\Home\Controller\TongjiController.class.php 第 51 行.
NOTIC: [8] Undefined index: device_type C:\phpworkspace\lunwen\Application\Home\Controller\TongjiController.class.php 第 52 行.
SQL: SHOW COLUMNS FROM `dept` [ RunTime:0.005001s ]
SQL: SELECT * FROM `dept` WHERE ( fid='' )  [ RunTime:0.001000s ]
SQL: SELECT * FROM `dept` WHERE ( fid='25' )  [ RunTime:0.000000s ]
SQL: SELECT * FROM `dept` WHERE ( fid='26' )  [ RunTime:0.001000s ]
SQL: SELECT * FROM `dept` WHERE ( fid='27' )  [ RunTime:0.000000s ]
SQL: SELECT * FROM `dept` WHERE ( fid='28' )  [ RunTime:0.001000s ]
SQL: SHOW COLUMNS FROM `dept` [ RunTime:0.004000s ]
SQL: SELECT * FROM `dept` WHERE ( id= )  [ RunTime:0.000000s ]
ERR: 1064:You have an error in your SQL syntax; check the manual that corresponds to your MySQL server version for the right syntax to use near ')' at line 1
 [ SQL语句 ] : SELECT * FROM `dept` WHERE ( id= ) 
SQL: SHOW COLUMNS FROM `fixed_assets` [ RunTime:0.004000s ]
SQL: SELECT COUNT(*) AS tp_count FROM `fixed_assets` WHERE `dept` IN ('28','27','26','25',null) LIMIT 1   [ RunTime:0.000000s ]
SQL: SHOW COLUMNS FROM `device_rate` [ RunTime:0.005001s ]
SQL: SELECT * FROM `fixed_assets` WHERE `dept` IN ('28','27','26','25',null) LIMIT 0,5   [ RunTime:0.001000s ]
SQL: SELECT * FROM `device_rate` WHERE ( id=8 )  [ RunTime:0.001000s ]
SQL: SELECT * FROM `dept` WHERE ( id=26 )  [ RunTime:0.000000s ]
INFO: [ view_parse ] --START--
INFO: [ template_filter ] --START--
INFO: Run Behavior\ContentReplaceBehavior [ RunTime:0.000000s ]
INFO: [ template_filter ] --END-- [ RunTime:0.000000s ]
NOTIC: [8] Undefined variable: device_type C:\phpworkspace\lunwen\Application\Runtime\Cache\Home\5fb3ae1997604b3398b4bc973ee2ae9f.php 第 43 行.
INFO: Run Behavior\ParseTemplateBehavior [ RunTime:0.013001s ]
INFO: [ view_parse ] --END-- [ RunTime:0.013001s ]
INFO: [ view_filter ] --START--
INFO: Run Behavior\WriteHtmlCacheBehavior [ RunTime:0.000000s ]
INFO: [ view_filter ] --END-- [ RunTime:0.000000s ]
INFO: [ app_end ] --START--
INFO: Run Behavior\ShowPageTraceBehavior [ RunTime:0.003000s ]
INFO: [ app_end ] --END-- [ RunTime:0.003000s ]

[ 2015-05-12T20:17:59+08:00 ] 127.0.0.1 /lunwen/index.php/home/dept/dept_tree
INFO: [ app_init ] --START--
INFO: Run Behavior\BuildLiteBehavior [ RunTime:0.000000s ]
INFO: [ app_init ] --END-- [ RunTime:0.001000s ]
INFO: [ app_begin ] --START--
INFO: Run Behavior\ReadHtmlCacheBehavior [ RunTime:0.001000s ]
INFO: [ app_begin ] --END-- [ RunTime:0.001000s ]
SQL: SHOW COLUMNS FROM `dept` [ RunTime:0.004000s ]
SQL: SELECT * FROM `dept`  [ RunTime:0.001000s ]
INFO: [ app_end ] --START--
INFO: Run Behavior\ShowPageTraceBehavior [ RunTime:0.001000s ]
INFO: [ app_end ] --END-- [ RunTime:0.001000s ]

[ 2015-05-12T20:18:00+08:00 ] 127.0.0.1 /lunwen/index.php/home/device/device_type_data
INFO: [ app_init ] --START--
INFO: Run Behavior\BuildLiteBehavior [ RunTime:0.000000s ]
INFO: [ app_init ] --END-- [ RunTime:0.001000s ]
INFO: [ app_begin ] --START--
INFO: Run Behavior\ReadHtmlCacheBehavior [ RunTime:0.001000s ]
INFO: [ app_begin ] --END-- [ RunTime:0.001000s ]
SQL: SHOW COLUMNS FROM `device_rate` [ RunTime:0.004000s ]
SQL: SELECT * FROM `device_rate`  [ RunTime:0.000000s ]
INFO: [ app_end ] --START--
INFO: Run Behavior\ShowPageTraceBehavior [ RunTime:0.001000s ]
INFO: [ app_end ] --END-- [ RunTime:0.001000s ]

[ 2015-05-12T20:18:01+08:00 ] 127.0.0.1 /lunwen/index.php/home/fixedassets/index
INFO: [ app_init ] --START--
INFO: Run Behavior\BuildLiteBehavior [ RunTime:0.000000s ]
INFO: [ app_init ] --END-- [ RunTime:0.000000s ]
INFO: [ app_begin ] --START--
INFO: Run Behavior\ReadHtmlCacheBehavior [ RunTime:0.001000s ]
INFO: [ app_begin ] --END-- [ RunTime:0.001000s ]
SQL: SHOW COLUMNS FROM `fixed_assets` [ RunTime:0.004000s ]
SQL: SELECT COUNT(*) AS tp_count FROM `fixed_assets` LIMIT 1   [ RunTime:0.000000s ]
SQL: SHOW COLUMNS FROM `device_rate` [ RunTime:0.004000s ]
SQL: SHOW COLUMNS FROM `dept` [ RunTime:0.005000s ]
SQL: SELECT * FROM `fixed_assets` ORDER BY id desc LIMIT 0,5   [ RunTime:0.000000s ]
SQL: SELECT * FROM `device_rate` WHERE ( id=8 )  [ RunTime:0.000000s ]
SQL: SELECT * FROM `dept` WHERE ( id=26 )  [ RunTime:0.001000s ]
INFO: [ view_parse ] --START--
INFO: [ template_filter ] --START--
INFO: Run Behavior\ContentReplaceBehavior [ RunTime:0.000000s ]
INFO: [ template_filter ] --END-- [ RunTime:0.000000s ]
NOTIC: [8] Undefined variable: dept C:\phpworkspace\lunwen\Application\Runtime\Cache\Home\77ea002ef4840d4a9f55c327cbffd89d.php 第 54 行.
NOTIC: [8] Undefined variable: buy_time_start C:\phpworkspace\lunwen\Application\Runtime\Cache\Home\77ea002ef4840d4a9f55c327cbffd89d.php 第 55 行.
NOTIC: [8] Undefined variable: buy_time_end C:\phpworkspace\lunwen\Application\Runtime\Cache\Home\77ea002ef4840d4a9f55c327cbffd89d.php 第 57 行.
NOTIC: [8] Undefined variable: money_low C:\phpworkspace\lunwen\Application\Runtime\Cache\Home\77ea002ef4840d4a9f55c327cbffd89d.php 第 59 行.
NOTIC: [8] Undefined variable: money_high C:\phpworkspace\lunwen\Application\Runtime\Cache\Home\77ea002ef4840d4a9f55c327cbffd89d.php 第 59 行.
NOTIC: [8] Undefined variable: list C:\phpworkspace\lunwen\Application\Runtime\Cache\Home\77ea002ef4840d4a9f55c327cbffd89d.php 第 72 行.
INFO: Run Behavior\ParseTemplateBehavior [ RunTime:0.015001s ]
INFO: [ view_parse ] --END-- [ RunTime:0.015001s ]
INFO: [ view_filter ] --START--
INFO: Run Behavior\WriteHtmlCacheBehavior [ RunTime:0.001000s ]
INFO: [ view_filter ] --END-- [ RunTime:0.001000s ]
INFO: [ app_end ] --START--
INFO: Run Behavior\ShowPageTraceBehavior [ RunTime:0.002000s ]
INFO: [ app_end ] --END-- [ RunTime:0.002000s ]

[ 2015-05-12T20:18:02+08:00 ] 127.0.0.1 /lunwen/index.php/home/device/device_type_data
INFO: [ app_init ] --START--
INFO: Run Behavior\BuildLiteBehavior [ RunTime:0.000000s ]
INFO: [ app_init ] --END-- [ RunTime:0.001000s ]
INFO: [ app_begin ] --START--
INFO: Run Behavior\ReadHtmlCacheBehavior [ RunTime:0.001000s ]
INFO: [ app_begin ] --END-- [ RunTime:0.001000s ]
SQL: SHOW COLUMNS FROM `device_rate` [ RunTime:0.004001s ]
SQL: SELECT * FROM `device_rate`  [ RunTime:0.000000s ]
INFO: [ app_end ] --START--
INFO: Run Behavior\ShowPageTraceBehavior [ RunTime:0.001000s ]
INFO: [ app_end ] --END-- [ RunTime:0.002000s ]

[ 2015-05-12T20:18:03+08:00 ] 127.0.0.1 /lunwen/index.php/home/dept/dept_tree
INFO: [ app_init ] --START--
INFO: Run Behavior\BuildLiteBehavior [ RunTime:0.000000s ]
INFO: [ app_init ] --END-- [ RunTime:0.000000s ]
INFO: [ app_begin ] --START--
INFO: Run Behavior\ReadHtmlCacheBehavior [ RunTime:0.001000s ]
INFO: [ app_begin ] --END-- [ RunTime:0.001000s ]
SQL: SHOW COLUMNS FROM `dept` [ RunTime:0.004000s ]
SQL: SELECT * FROM `dept`  [ RunTime:0.000000s ]
INFO: [ app_end ] --START--
INFO: Run Behavior\ShowPageTraceBehavior [ RunTime:0.001000s ]
INFO: [ app_end ] --END-- [ RunTime:0.001000s ]

[ 2015-05-12T20:18:07+08:00 ] 127.0.0.1 /lunwen/index.php/home/Fixedassets/fix_lookfor
INFO: [ app_init ] --START--
INFO: Run Behavior\BuildLiteBehavior [ RunTime:0.000000s ]
INFO: [ app_init ] --END-- [ RunTime:0.001000s ]
INFO: [ app_begin ] --START--
INFO: Run Behavior\ReadHtmlCacheBehavior [ RunTime:0.000000s ]
INFO: [ app_begin ] --END-- [ RunTime:0.000000s ]
SQL: SHOW COLUMNS FROM `dept` [ RunTime:0.003000s ]
SQL: SELECT * FROM `dept` WHERE ( fid='25' )  [ RunTime:0.000000s ]
SQL: SELECT * FROM `dept` WHERE ( fid='26' )  [ RunTime:0.000000s ]
SQL: SHOW COLUMNS FROM `fixed_assets` [ RunTime:0.006000s ]
SQL: SELECT COUNT(*) AS tp_count FROM `fixed_assets` WHERE `dept` IN ('26','25') AND `buy_time` BETWEEN '1988-01-01' AND '2015-05-12' AND `buy_money` BETWEEN '0' AND '100000000000' LIMIT 1   [ RunTime:0.001000s ]
SQL: SHOW COLUMNS FROM `device_rate` [ RunTime:0.003000s ]
SQL: SHOW COLUMNS FROM `dept` [ RunTime:0.004001s ]
SQL: SELECT * FROM `fixed_assets` WHERE `dept` IN ('26','25') AND `buy_time` BETWEEN '1988-01-01' AND '2015-05-12' AND `buy_money` BETWEEN '0' AND '100000000000' ORDER BY id desc LIMIT 0,5   [ RunTime:0.001000s ]
SQL: SELECT * FROM `device_rate` WHERE ( id=8 )  [ RunTime:0.000000s ]
SQL: SELECT * FROM `dept` WHERE ( id=26 )  [ RunTime:0.000000s ]
SQL: SELECT * FROM `dept` WHERE ( id=25 )  [ RunTime:0.000000s ]
INFO: [ view_parse ] --START--
INFO: [ template_filter ] --START--
INFO: Run Behavior\ContentReplaceBehavior [ RunTime:0.000000s ]
INFO: [ template_filter ] --END-- [ RunTime:0.000000s ]
INFO: Run Behavior\ParseTemplateBehavior [ RunTime:0.010000s ]
INFO: [ view_parse ] --END-- [ RunTime:0.010000s ]
INFO: [ view_filter ] --START--
INFO: Run Behavior\WriteHtmlCacheBehavior [ RunTime:0.000000s ]
INFO: [ view_filter ] --END-- [ RunTime:0.000000s ]
INFO: [ app_end ] --START--
INFO: Run Behavior\ShowPageTraceBehavior [ RunTime:0.001000s ]
INFO: [ app_end ] --END-- [ RunTime:0.001000s ]

[ 2015-05-12T20:18:08+08:00 ] 127.0.0.1 /lunwen/index.php/home/device/device_type_data
INFO: [ app_init ] --START--
INFO: Run Behavior\BuildLiteBehavior [ RunTime:0.000000s ]
INFO: [ app_init ] --END-- [ RunTime:0.002000s ]
INFO: [ app_begin ] --START--
INFO: Run Behavior\ReadHtmlCacheBehavior [ RunTime:0.001000s ]
INFO: [ app_begin ] --END-- [ RunTime:0.001000s ]
SQL: SHOW COLUMNS FROM `device_rate` [ RunTime:0.004001s ]
SQL: SELECT * FROM `device_rate`  [ RunTime:0.001000s ]
INFO: [ app_end ] --START--
INFO: Run Behavior\ShowPageTraceBehavior [ RunTime:0.000000s ]
INFO: [ app_end ] --END-- [ RunTime:0.000000s ]

[ 2015-05-12T20:18:09+08:00 ] 127.0.0.1 /lunwen/index.php/home/dept/dept_tree
INFO: [ app_init ] --START--
INFO: Run Behavior\BuildLiteBehavior [ RunTime:0.001000s ]
INFO: [ app_init ] --END-- [ RunTime:0.001000s ]
INFO: [ app_begin ] --START--
INFO: Run Behavior\ReadHtmlCacheBehavior [ RunTime:0.001000s ]
INFO: [ app_begin ] --END-- [ RunTime:0.001000s ]
SQL: SHOW COLUMNS FROM `dept` [ RunTime:0.003000s ]
SQL: SELECT * FROM `dept`  [ RunTime:0.001000s ]
INFO: [ app_end ] --START--
INFO: Run Behavior\ShowPageTraceBehavior [ RunTime:0.000000s ]
INFO: [ app_end ] --END-- [ RunTime:0.000000s ]

[ 2015-05-12T20:18:14+08:00 ] 127.0.0.1 /lunwen/
INFO: [ app_init ] --START--
INFO: Run Behavior\BuildLiteBehavior [ RunTime:0.000000s ]
INFO: [ app_init ] --END-- [ RunTime:0.000000s ]
INFO: [ app_begin ] --START--
INFO: Run Behavior\ReadHtmlCacheBehavior [ RunTime:0.000000s ]
INFO: [ app_begin ] --END-- [ RunTime:0.001000s ]
INFO: [ view_parse ] --START--
INFO: [ template_filter ] --START--
INFO: Run Behavior\ContentReplaceBehavior [ RunTime:0.001000s ]
INFO: [ template_filter ] --END-- [ RunTime:0.001000s ]
INFO: Run Behavior\ParseTemplateBehavior [ RunTime:0.007001s ]
INFO: [ view_parse ] --END-- [ RunTime:0.007001s ]
INFO: [ view_filter ] --START--
INFO: Run Behavior\WriteHtmlCacheBehavior [ RunTime:0.000000s ]
INFO: [ view_filter ] --END-- [ RunTime:0.000000s ]
INFO: [ app_end ] --START--
INFO: Run Behavior\ShowPageTraceBehavior [ RunTime:0.001000s ]
INFO: [ app_end ] --END-- [ RunTime:0.001000s ]

[ 2015-05-12T20:18:15+08:00 ] 127.0.0.1 /lunwen/index.php/home/index/authority_tree
INFO: [ app_init ] --START--
INFO: Run Behavior\BuildLiteBehavior [ RunTime:0.001000s ]
INFO: [ app_init ] --END-- [ RunTime:0.001000s ]
INFO: [ app_begin ] --START--
INFO: Run Behavior\ReadHtmlCacheBehavior [ RunTime:0.001000s ]
INFO: [ app_begin ] --END-- [ RunTime:0.001000s ]
SQL: SHOW COLUMNS FROM `user` [ RunTime:0.005001s ]
SQL: SELECT * FROM `user` WHERE ( username='admin' and password ='admin' )  [ RunTime:0.001000s ]
SQL: SHOW COLUMNS FROM `role` [ RunTime:0.003000s ]
SQL: SELECT * FROM `role` WHERE ( id=8 )  [ RunTime:0.000000s ]
SQL: SHOW COLUMNS FROM `authority` [ RunTime:0.005000s ]
SQL: SELECT * FROM `authority` WHERE `id` IN ('1','0','2','3','4','5','6','7','26','8','9','10','11','12','13','14','15','16','17','18','19','20','21','22','23','24','25')  [ RunTime:0.001000s ]
INFO: [ app_end ] --START--
INFO: Run Behavior\ShowPageTraceBehavior [ RunTime:0.002000s ]
INFO: [ app_end ] --END-- [ RunTime:0.002000s ]

[ 2015-05-12T20:18:17+08:00 ] 127.0.0.1 /lunwen/index.php/home/fixedassets/index
INFO: [ app_init ] --START--
INFO: Run Behavior\BuildLiteBehavior [ RunTime:0.000000s ]
INFO: [ app_init ] --END-- [ RunTime:0.001000s ]
INFO: [ app_begin ] --START--
INFO: Run Behavior\ReadHtmlCacheBehavior [ RunTime:0.001000s ]
INFO: [ app_begin ] --END-- [ RunTime:0.001000s ]
SQL: SHOW COLUMNS FROM `fixed_assets` [ RunTime:0.003000s ]
SQL: SELECT COUNT(*) AS tp_count FROM `fixed_assets` LIMIT 1   [ RunTime:0.004000s ]
SQL: SHOW COLUMNS FROM `device_rate` [ RunTime:0.004001s ]
SQL: SHOW COLUMNS FROM `dept` [ RunTime:0.004000s ]
SQL: SELECT * FROM `fixed_assets` ORDER BY id desc LIMIT 0,5   [ RunTime:0.000000s ]
SQL: SELECT * FROM `device_rate` WHERE ( id=8 )  [ RunTime:0.000000s ]
SQL: SELECT * FROM `dept` WHERE ( id=26 )  [ RunTime:0.001000s ]
INFO: [ view_parse ] --START--
INFO: [ template_filter ] --START--
INFO: Run Behavior\ContentReplaceBehavior [ RunTime:0.000000s ]
INFO: [ template_filter ] --END-- [ RunTime:0.000000s ]
NOTIC: [8] Undefined variable: dept C:\phpworkspace\lunwen\Application\Runtime\Cache\Home\77ea002ef4840d4a9f55c327cbffd89d.php 第 54 行.
NOTIC: [8] Undefined variable: buy_time_start C:\phpworkspace\lunwen\Application\Runtime\Cache\Home\77ea002ef4840d4a9f55c327cbffd89d.php 第 55 行.
NOTIC: [8] Undefined variable: buy_time_end C:\phpworkspace\lunwen\Application\Runtime\Cache\Home\77ea002ef4840d4a9f55c327cbffd89d.php 第 57 行.
NOTIC: [8] Undefined variable: money_low C:\phpworkspace\lunwen\Application\Runtime\Cache\Home\77ea002ef4840d4a9f55c327cbffd89d.php 第 59 行.
NOTIC: [8] Undefined variable: money_high C:\phpworkspace\lunwen\Application\Runtime\Cache\Home\77ea002ef4840d4a9f55c327cbffd89d.php 第 59 行.
NOTIC: [8] Undefined variable: list C:\phpworkspace\lunwen\Application\Runtime\Cache\Home\77ea002ef4840d4a9f55c327cbffd89d.php 第 72 行.
INFO: Run Behavior\ParseTemplateBehavior [ RunTime:0.009000s ]
INFO: [ view_parse ] --END-- [ RunTime:0.010001s ]
INFO: [ view_filter ] --START--
INFO: Run Behavior\WriteHtmlCacheBehavior [ RunTime:0.000000s ]
INFO: [ view_filter ] --END-- [ RunTime:0.000000s ]
INFO: [ app_end ] --START--
INFO: Run Behavior\ShowPageTraceBehavior [ RunTime:0.001000s ]
INFO: [ app_end ] --END-- [ RunTime:0.001000s ]

[ 2015-05-12T20:18:18+08:00 ] 127.0.0.1 /lunwen/index.php/home/device/device_type_data
INFO: [ app_init ] --START--
INFO: Run Behavior\BuildLiteBehavior [ RunTime:0.000000s ]
INFO: [ app_init ] --END-- [ RunTime:0.000000s ]
INFO: [ app_begin ] --START--
INFO: Run Behavior\ReadHtmlCacheBehavior [ RunTime:0.001000s ]
INFO: [ app_begin ] --END-- [ RunTime:0.001000s ]
SQL: SHOW COLUMNS FROM `device_rate` [ RunTime:0.004001s ]
SQL: SELECT * FROM `device_rate`  [ RunTime:0.001000s ]
INFO: [ app_end ] --START--
INFO: Run Behavior\ShowPageTraceBehavior [ RunTime:0.001000s ]
INFO: [ app_end ] --END-- [ RunTime:0.001000s ]

[ 2015-05-12T20:18:19+08:00 ] 127.0.0.1 /lunwen/index.php/home/dept/dept_tree
INFO: [ app_init ] --START--
INFO: Run Behavior\BuildLiteBehavior [ RunTime:0.000000s ]
INFO: [ app_init ] --END-- [ RunTime:0.000000s ]
INFO: [ app_begin ] --START--
INFO: Run Behavior\ReadHtmlCacheBehavior [ RunTime:0.001000s ]
INFO: [ app_begin ] --END-- [ RunTime:0.001000s ]
SQL: SHOW COLUMNS FROM `dept` [ RunTime:0.004000s ]
SQL: SELECT * FROM `dept`  [ RunTime:0.001000s ]
INFO: [ app_end ] --START--
INFO: Run Behavior\ShowPageTraceBehavior [ RunTime:0.001000s ]
INFO: [ app_end ] --END-- [ RunTime:0.001000s ]

[ 2015-05-12T20:26:49+08:00 ] 127.0.0.1 /lunwen/
INFO: [ app_init ] --START--
INFO: Run Behavior\BuildLiteBehavior [ RunTime:0.000000s ]
INFO: [ app_init ] --END-- [ RunTime:0.000000s ]
INFO: [ app_begin ] --START--
INFO: Run Behavior\ReadHtmlCacheBehavior [ RunTime:0.001000s ]
INFO: [ app_begin ] --END-- [ RunTime:0.001000s ]
INFO: [ view_parse ] --START--
INFO: [ template_filter ] --START--
INFO: Run Behavior\ContentReplaceBehavior [ RunTime:0.000000s ]
INFO: [ template_filter ] --END-- [ RunTime:0.000000s ]
INFO: Run Behavior\ParseTemplateBehavior [ RunTime:0.008001s ]
INFO: [ view_parse ] --END-- [ RunTime:0.008001s ]
INFO: [ view_filter ] --START--
INFO: Run Behavior\WriteHtmlCacheBehavior [ RunTime:0.000000s ]
INFO: [ view_filter ] --END-- [ RunTime:0.000000s ]
INFO: [ app_end ] --START--
INFO: Run Behavior\ShowPageTraceBehavior [ RunTime:0.001000s ]
INFO: [ app_end ] --END-- [ RunTime:0.001000s ]

[ 2015-05-12T20:26:50+08:00 ] 127.0.0.1 /lunwen/index.php/home/index/authority_tree
INFO: [ app_init ] --START--
INFO: Run Behavior\BuildLiteBehavior [ RunTime:0.000000s ]
INFO: [ app_init ] --END-- [ RunTime:0.001000s ]
INFO: [ app_begin ] --START--
INFO: Run Behavior\ReadHtmlCacheBehavior [ RunTime:0.001000s ]
INFO: [ app_begin ] --END-- [ RunTime:0.001000s ]
SQL: SHOW COLUMNS FROM `user` [ RunTime:0.004000s ]
SQL: SELECT * FROM `user` WHERE ( username='admin' and password ='admin' )  [ RunTime:0.001000s ]
SQL: SHOW COLUMNS FROM `role` [ RunTime:0.003000s ]
SQL: SELECT * FROM `role` WHERE ( id=8 )  [ RunTime:0.000000s ]
SQL: SHOW COLUMNS FROM `authority` [ RunTime:0.003001s ]
SQL: SELECT * FROM `authority` WHERE `id` IN ('1','0','2','3','4','5','6','7','26','8','9','10','11','12','13','14','15','16','17','18','19','20','21','22','23','24','25')  [ RunTime:0.001000s ]
INFO: [ app_end ] --START--
INFO: Run Behavior\ShowPageTraceBehavior [ RunTime:0.001000s ]
INFO: [ app_end ] --END-- [ RunTime:0.001000s ]

[ 2015-05-12T20:26:53+08:00 ] 127.0.0.1 /lunwen/index.php/home/fixedassets/index
INFO: [ app_init ] --START--
INFO: Run Behavior\BuildLiteBehavior [ RunTime:0.000000s ]
INFO: [ app_init ] --END-- [ RunTime:0.001000s ]
INFO: [ app_begin ] --START--
INFO: Run Behavior\ReadHtmlCacheBehavior [ RunTime:0.001000s ]
INFO: [ app_begin ] --END-- [ RunTime:0.001000s ]
SQL: SHOW COLUMNS FROM `fixed_assets` [ RunTime:0.004000s ]
SQL: SELECT COUNT(*) AS tp_count FROM `fixed_assets` LIMIT 1   [ RunTime:0.000000s ]
SQL: SHOW COLUMNS FROM `device_rate` [ RunTime:0.004001s ]
SQL: SHOW COLUMNS FROM `dept` [ RunTime:0.004000s ]
SQL: SELECT * FROM `fixed_assets` ORDER BY id desc LIMIT 0,5   [ RunTime:0.000000s ]
SQL: SELECT * FROM `device_rate` WHERE ( id=8 )  [ RunTime:0.000000s ]
SQL: SELECT * FROM `dept` WHERE ( id=26 )  [ RunTime:0.001000s ]
INFO: [ view_parse ] --START--
INFO: [ template_filter ] --START--
INFO: Run Behavior\ContentReplaceBehavior [ RunTime:0.000000s ]
INFO: [ template_filter ] --END-- [ RunTime:0.000000s ]
NOTIC: [8] Undefined variable: dept C:\phpworkspace\lunwen\Application\Runtime\Cache\Home\77ea002ef4840d4a9f55c327cbffd89d.php 第 54 行.
NOTIC: [8] Undefined variable: buy_time_start C:\phpworkspace\lunwen\Application\Runtime\Cache\Home\77ea002ef4840d4a9f55c327cbffd89d.php 第 55 行.
NOTIC: [8] Undefined variable: buy_time_end C:\phpworkspace\lunwen\Application\Runtime\Cache\Home\77ea002ef4840d4a9f55c327cbffd89d.php 第 57 行.
NOTIC: [8] Undefined variable: money_low C:\phpworkspace\lunwen\Application\Runtime\Cache\Home\77ea002ef4840d4a9f55c327cbffd89d.php 第 59 行.
NOTIC: [8] Undefined variable: money_high C:\phpworkspace\lunwen\Application\Runtime\Cache\Home\77ea002ef4840d4a9f55c327cbffd89d.php 第 59 行.
INFO: Run Behavior\ParseTemplateBehavior [ RunTime:0.009001s ]
INFO: [ view_parse ] --END-- [ RunTime:0.010001s ]
INFO: [ view_filter ] --START--
INFO: Run Behavior\WriteHtmlCacheBehavior [ RunTime:0.000000s ]
INFO: [ view_filter ] --END-- [ RunTime:0.000000s ]
INFO: [ app_end ] --START--
INFO: Run Behavior\ShowPageTraceBehavior [ RunTime:0.001000s ]
INFO: [ app_end ] --END-- [ RunTime:0.001000s ]

[ 2015-05-12T20:26:54+08:00 ] 127.0.0.1 /lunwen/index.php/home/device/device_type_data
INFO: [ app_init ] --START--
INFO: Run Behavior\BuildLiteBehavior [ RunTime:0.000000s ]
INFO: [ app_init ] --END-- [ RunTime:0.001000s ]
INFO: [ app_begin ] --START--
INFO: Run Behavior\ReadHtmlCacheBehavior [ RunTime:0.001000s ]
INFO: [ app_begin ] --END-- [ RunTime:0.001000s ]
SQL: SHOW COLUMNS FROM `device_rate` [ RunTime:0.005000s ]
SQL: SELECT * FROM `device_rate`  [ RunTime:0.001000s ]
INFO: [ app_end ] --START--
INFO: Run Behavior\ShowPageTraceBehavior [ RunTime:0.001001s ]
INFO: [ app_end ] --END-- [ RunTime:0.001001s ]

[ 2015-05-12T20:26:55+08:00 ] 127.0.0.1 /lunwen/index.php/home/dept/dept_tree
INFO: [ app_init ] --START--
INFO: Run Behavior\BuildLiteBehavior [ RunTime:0.000000s ]
INFO: [ app_init ] --END-- [ RunTime:0.001000s ]
INFO: [ app_begin ] --START--
INFO: Run Behavior\ReadHtmlCacheBehavior [ RunTime:0.001000s ]
INFO: [ app_begin ] --END-- [ RunTime:0.001000s ]
SQL: SHOW COLUMNS FROM `dept` [ RunTime:0.005000s ]
SQL: SELECT * FROM `dept`  [ RunTime:0.000000s ]
INFO: [ app_end ] --START--
INFO: Run Behavior\ShowPageTraceBehavior [ RunTime:0.001000s ]
INFO: [ app_end ] --END-- [ RunTime:0.001000s ]

