[ 2015-05-13T15:25:21+08:00 ] 127.0.0.1 /lunwen/
INFO: [ app_init ] --START--
INFO: Run Behavior\BuildLiteBehavior [ RunTime:0.000000s ]
INFO: [ app_init ] --END-- [ RunTime:0.001000s ]
INFO: [ app_begin ] --START--
INFO: Run Behavior\ReadHtmlCacheBehavior [ RunTime:0.004001s ]
INFO: [ app_begin ] --END-- [ RunTime:0.004001s ]
NOTIC: [8] Undefined index: user C:\phpworkspace\lunwen\Application\Home\Controller\SessionController.class.php Á¨¨ 15 Ë°å.

[ 2015-05-13T15:25:21+08:00 ] 127.0.0.1 /lunwen/index.php/Home/User/index.html
INFO: [ app_init ] --START--
INFO: Run Behavior\BuildLiteBehavior [ RunTime:0.000000s ]
INFO: [ app_init ] --END-- [ RunTime:0.000000s ]
INFO: [ app_begin ] --START--
INFO: Run Behavior\ReadHtmlCacheBehavior [ RunTime:0.001000s ]
INFO: [ app_begin ] --END-- [ RunTime:0.001000s ]
INFO: [ view_parse ] --START--
INFO: [ template_filter ] --START--
INFO: Run Behavior\ContentReplaceBehavior [ RunTime:0.000000s ]
INFO: [ template_filter ] --END-- [ RunTime:0.000000s ]
INFO: Run Behavior\ParseTemplateBehavior [ RunTime:0.012001s ]
INFO: [ view_parse ] --END-- [ RunTime:0.012001s ]
INFO: [ view_filter ] --START--
INFO: Run Behavior\WriteHtmlCacheBehavior [ RunTime:0.001000s ]
INFO: [ view_filter ] --END-- [ RunTime:0.001000s ]
INFO: [ app_end ] --START--
INFO: Run Behavior\ShowPageTraceBehavior [ RunTime:0.001000s ]
INFO: [ app_end ] --END-- [ RunTime:0.001000s ]

[ 2015-05-13T15:25:22+08:00 ] 127.0.0.1 /lunwen/
INFO: [ app_init ] --START--
INFO: Run Behavior\BuildLiteBehavior [ RunTime:0.000000s ]
INFO: [ app_init ] --END-- [ RunTime:0.001000s ]
INFO: [ app_begin ] --START--
INFO: Run Behavior\ReadHtmlCacheBehavior [ RunTime:0.001001s ]
INFO: [ app_begin ] --END-- [ RunTime:0.002001s ]
NOTIC: [8] Undefined index: user C:\phpworkspace\lunwen\Application\Home\Controller\SessionController.class.php Á¨¨ 15 Ë°å.

[ 2015-05-13T15:25:22+08:00 ] 127.0.0.1 /lunwen/index.php/Home/User/index.html
INFO: [ app_init ] --START--
INFO: Run Behavior\BuildLiteBehavior [ RunTime:0.000000s ]
INFO: [ app_init ] --END-- [ RunTime:0.001000s ]
INFO: [ app_begin ] --START--
INFO: Run Behavior\ReadHtmlCacheBehavior [ RunTime:0.000000s ]
INFO: [ app_begin ] --END-- [ RunTime:0.001000s ]
INFO: [ view_parse ] --START--
INFO: [ template_filter ] --START--
INFO: Run Behavior\ContentReplaceBehavior [ RunTime:0.000000s ]
INFO: [ template_filter ] --END-- [ RunTime:0.000000s ]
INFO: Run Behavior\ParseTemplateBehavior [ RunTime:0.006000s ]
INFO: [ view_parse ] --END-- [ RunTime:0.006000s ]
INFO: [ view_filter ] --START--
INFO: Run Behavior\WriteHtmlCacheBehavior [ RunTime:0.000000s ]
INFO: [ view_filter ] --END-- [ RunTime:0.000000s ]
INFO: [ app_end ] --START--
INFO: Run Behavior\ShowPageTraceBehavior [ RunTime:0.001000s ]
INFO: [ app_end ] --END-- [ RunTime:0.001000s ]

[ 2015-05-13T15:30:05+08:00 ] 127.0.0.1 /lunwen/index.php/home/user/login
INFO: [ app_init ] --START--
INFO: Run Behavior\BuildLiteBehavior [ RunTime:0.000000s ]
INFO: [ app_init ] --END-- [ RunTime:0.000000s ]
INFO: [ app_begin ] --START--
INFO: Run Behavior\ReadHtmlCacheBehavior [ RunTime:0.000000s ]
INFO: [ app_begin ] --END-- [ RunTime:0.000000s ]
SQL: SHOW COLUMNS FROM `user` [ RunTime:0.005000s ]
SQL: SELECT * FROM `user` WHERE ( username='admin' and password='admin' ) LIMIT 1   [ RunTime:0.008001s ]
INFO: [ app_end ] --START--
INFO: Run Behavior\ShowPageTraceBehavior [ RunTime:0.002000s ]
INFO: [ app_end ] --END-- [ RunTime:0.003000s ]

[ 2015-05-13T15:30:05+08:00 ] 127.0.0.1 /lunwen/
INFO: [ app_init ] --START--
INFO: Run Behavior\BuildLiteBehavior [ RunTime:0.000000s ]
INFO: [ app_init ] --END-- [ RunTime:0.001000s ]
INFO: [ app_begin ] --START--
INFO: Run Behavior\ReadHtmlCacheBehavior [ RunTime:0.001000s ]
INFO: [ app_begin ] --END-- [ RunTime:0.001000s ]
INFO: [ view_parse ] --START--
INFO: [ template_filter ] --START--
INFO: Run Behavior\ContentReplaceBehavior [ RunTime:0.000000s ]
INFO: [ template_filter ] --END-- [ RunTime:0.000000s ]
INFO: Run Behavior\ParseTemplateBehavior [ RunTime:0.009000s ]
INFO: [ view_parse ] --END-- [ RunTime:0.009000s ]
INFO: [ view_filter ] --START--
INFO: Run Behavior\WriteHtmlCacheBehavior [ RunTime:0.001000s ]
INFO: [ view_filter ] --END-- [ RunTime:0.001000s ]
INFO: [ app_end ] --START--
INFO: Run Behavior\ShowPageTraceBehavior [ RunTime:0.001000s ]
INFO: [ app_end ] --END-- [ RunTime:0.001000s ]

[ 2015-05-13T15:30:06+08:00 ] 127.0.0.1 /lunwen/index.php/home/index/authority_tree
INFO: [ app_init ] --START--
INFO: Run Behavior\BuildLiteBehavior [ RunTime:0.000000s ]
INFO: [ app_init ] --END-- [ RunTime:0.001000s ]
INFO: [ app_begin ] --START--
INFO: Run Behavior\ReadHtmlCacheBehavior [ RunTime:0.001001s ]
INFO: [ app_begin ] --END-- [ RunTime:0.001001s ]
SQL: SHOW COLUMNS FROM `user` [ RunTime:0.000000s ]
SQL: SELECT * FROM `user` WHERE ( username='admin' and password ='admin' )  [ RunTime:0.000000s ]
SQL: SHOW COLUMNS FROM `role` [ RunTime:0.017600s ]
SQL: SELECT * FROM `role` WHERE ( id=8 )  [ RunTime:0.000000s ]
SQL: SHOW COLUMNS FROM `authority` [ RunTime:0.000000s ]
SQL: SELECT * FROM `authority` WHERE `id` IN ('1','0','2','3','4','5','6','7','26','8','9','10','11','12','13','14','15','16','17','18','19','20','21','22','23','24','25')  [ RunTime:0.000000s ]
INFO: [ app_end ] --START--
INFO: Run Behavior\ShowPageTraceBehavior [ RunTime:0.000000s ]
INFO: [ app_end ] --END-- [ RunTime:0.000000s ]

[ 2015-05-13T15:30:08+08:00 ] 127.0.0.1 /lunwen/index.php/home/fixedassets/tofixed_add
INFO: [ app_init ] --START--
INFO: Run Behavior\BuildLiteBehavior [ RunTime:0.000000s ]
INFO: [ app_init ] --END-- [ RunTime:0.000000s ]
INFO: [ app_begin ] --START--
INFO: Run Behavior\ReadHtmlCacheBehavior [ RunTime:0.001000s ]
INFO: [ app_begin ] --END-- [ RunTime:0.001000s ]
INFO: [ view_parse ] --START--
INFO: [ template_filter ] --START--
INFO: Run Behavior\ContentReplaceBehavior [ RunTime:0.000000s ]
INFO: [ template_filter ] --END-- [ RunTime:0.000000s ]
INFO: Run Behavior\ParseTemplateBehavior [ RunTime:0.010001s ]
INFO: [ view_parse ] --END-- [ RunTime:0.010001s ]
INFO: [ view_filter ] --START--
INFO: Run Behavior\WriteHtmlCacheBehavior [ RunTime:0.000000s ]
INFO: [ view_filter ] --END-- [ RunTime:0.000000s ]
INFO: [ app_end ] --START--
INFO: Run Behavior\ShowPageTraceBehavior [ RunTime:0.001000s ]
INFO: [ app_end ] --END-- [ RunTime:0.001000s ]

[ 2015-05-13T15:30:10+08:00 ] 127.0.0.1 /lunwen/index.php/home/dept/dept_tree
INFO: [ app_init ] --START--
INFO: Run Behavior\BuildLiteBehavior [ RunTime:0.000000s ]
INFO: [ app_init ] --END-- [ RunTime:0.001000s ]
INFO: [ app_begin ] --START--
INFO: Run Behavior\ReadHtmlCacheBehavior [ RunTime:0.001000s ]
INFO: [ app_begin ] --END-- [ RunTime:0.001000s ]
SQL: SHOW COLUMNS FROM `dept` [ RunTime:0.005000s ]
SQL: SELECT * FROM `dept`  [ RunTime:0.000000s ]
INFO: [ app_end ] --START--
INFO: Run Behavior\ShowPageTraceBehavior [ RunTime:0.000000s ]
INFO: [ app_end ] --END-- [ RunTime:0.000000s ]

[ 2015-05-13T15:30:11+08:00 ] 127.0.0.1 /lunwen/index.php/home/device/device_type_data
INFO: [ app_init ] --START--
INFO: Run Behavior\BuildLiteBehavior [ RunTime:0.000000s ]
INFO: [ app_init ] --END-- [ RunTime:0.001000s ]
INFO: [ app_begin ] --START--
INFO: Run Behavior\ReadHtmlCacheBehavior [ RunTime:0.001000s ]
INFO: [ app_begin ] --END-- [ RunTime:0.001000s ]
SQL: SHOW COLUMNS FROM `device_rate` [ RunTime:0.006000s ]
SQL: SELECT * FROM `device_rate`  [ RunTime:0.000000s ]
INFO: [ app_end ] --START--
INFO: Run Behavior\ShowPageTraceBehavior [ RunTime:0.002000s ]
INFO: [ app_end ] --END-- [ RunTime:0.002000s ]

[ 2015-05-13T15:34:45+08:00 ] 127.0.0.1 /lunwen/
INFO: [ app_init ] --START--
INFO: Run Behavior\BuildLiteBehavior [ RunTime:0.000000s ]
INFO: [ app_init ] --END-- [ RunTime:0.000000s ]
INFO: [ app_begin ] --START--
INFO: Run Behavior\ReadHtmlCacheBehavior [ RunTime:0.001000s ]
INFO: [ app_begin ] --END-- [ RunTime:0.001000s ]
INFO: [ view_parse ] --START--
INFO: [ template_filter ] --START--
INFO: Run Behavior\ContentReplaceBehavior [ RunTime:0.000000s ]
INFO: [ template_filter ] --END-- [ RunTime:0.000000s ]
INFO: Run Behavior\ParseTemplateBehavior [ RunTime:0.010001s ]
INFO: [ view_parse ] --END-- [ RunTime:0.010001s ]
INFO: [ view_filter ] --START--
INFO: Run Behavior\WriteHtmlCacheBehavior [ RunTime:0.001000s ]
INFO: [ view_filter ] --END-- [ RunTime:0.001000s ]
INFO: [ app_end ] --START--
INFO: Run Behavior\ShowPageTraceBehavior [ RunTime:0.001000s ]
INFO: [ app_end ] --END-- [ RunTime:0.001000s ]

[ 2015-05-13T15:34:47+08:00 ] 127.0.0.1 /lunwen/index.php/home/index/authority_tree
INFO: [ app_init ] --START--
INFO: Run Behavior\BuildLiteBehavior [ RunTime:0.000000s ]
INFO: [ app_init ] --END-- [ RunTime:0.001000s ]
INFO: [ app_begin ] --START--
INFO: Run Behavior\ReadHtmlCacheBehavior [ RunTime:0.000000s ]
INFO: [ app_begin ] --END-- [ RunTime:0.000000s ]
SQL: SHOW COLUMNS FROM `user` [ RunTime:0.007001s ]
SQL: SELECT * FROM `user` WHERE ( username='admin' and password ='admin' )  [ RunTime:0.000000s ]
SQL: SHOW COLUMNS FROM `role` [ RunTime:0.015600s ]
SQL: SELECT * FROM `role` WHERE ( id=8 )  [ RunTime:0.000000s ]
SQL: SHOW COLUMNS FROM `authority` [ RunTime:0.000000s ]
SQL: SELECT * FROM `authority` WHERE `id` IN ('1','0','2','3','4','5','6','7','26','8','9','10','11','12','13','14','15','16','17','18','19','20','21','22','23','24','25')  [ RunTime:0.000000s ]
INFO: [ app_end ] --START--
INFO: Run Behavior\ShowPageTraceBehavior [ RunTime:0.000000s ]
INFO: [ app_end ] --END-- [ RunTime:0.000000s ]

[ 2015-05-13T15:34:49+08:00 ] 127.0.0.1 /lunwen/
INFO: [ app_init ] --START--
INFO: Run Behavior\BuildLiteBehavior [ RunTime:0.000000s ]
INFO: [ app_init ] --END-- [ RunTime:0.001000s ]
INFO: [ app_begin ] --START--
INFO: Run Behavior\ReadHtmlCacheBehavior [ RunTime:0.001000s ]
INFO: [ app_begin ] --END-- [ RunTime:0.001000s ]
INFO: [ view_parse ] --START--
INFO: [ template_filter ] --START--
INFO: Run Behavior\ContentReplaceBehavior [ RunTime:0.000000s ]
INFO: [ template_filter ] --END-- [ RunTime:0.000000s ]
INFO: Run Behavior\ParseTemplateBehavior [ RunTime:0.007000s ]
INFO: [ view_parse ] --END-- [ RunTime:0.007000s ]
INFO: [ view_filter ] --START--
INFO: Run Behavior\WriteHtmlCacheBehavior [ RunTime:0.001000s ]
INFO: [ view_filter ] --END-- [ RunTime:0.001000s ]
INFO: [ app_end ] --START--
INFO: Run Behavior\ShowPageTraceBehavior [ RunTime:0.000000s ]
INFO: [ app_end ] --END-- [ RunTime:0.000000s ]

[ 2015-05-13T15:34:50+08:00 ] 127.0.0.1 /lunwen/index.php/home/index/authority_tree
INFO: [ app_init ] --START--
INFO: Run Behavior\BuildLiteBehavior [ RunTime:0.000000s ]
INFO: [ app_init ] --END-- [ RunTime:0.001000s ]
INFO: [ app_begin ] --START--
INFO: Run Behavior\ReadHtmlCacheBehavior [ RunTime:0.000000s ]
INFO: [ app_begin ] --END-- [ RunTime:0.000000s ]
SQL: SHOW COLUMNS FROM `user` [ RunTime:0.007000s ]
SQL: SELECT * FROM `user` WHERE ( username='admin' and password ='admin' )  [ RunTime:0.000000s ]
SQL: SHOW COLUMNS FROM `role` [ RunTime:0.015600s ]
SQL: SELECT * FROM `role` WHERE ( id=8 )  [ RunTime:0.000000s ]
SQL: SHOW COLUMNS FROM `authority` [ RunTime:0.020601s ]
SQL: SELECT * FROM `authority` WHERE `id` IN ('1','0','2','3','4','5','6','7','26','8','9','10','11','12','13','14','15','16','17','18','19','20','21','22','23','24','25')  [ RunTime:0.001000s ]
INFO: [ app_end ] --START--
INFO: Run Behavior\ShowPageTraceBehavior [ RunTime:0.002000s ]
INFO: [ app_end ] --END-- [ RunTime:0.002000s ]

[ 2015-05-13T15:34:52+08:00 ] 127.0.0.1 /lunwen/index.php/home/fixedassets/tofixed_add
INFO: [ app_init ] --START--
INFO: Run Behavior\BuildLiteBehavior [ RunTime:0.000000s ]
INFO: [ app_init ] --END-- [ RunTime:0.000000s ]
INFO: [ app_begin ] --START--
INFO: Run Behavior\ReadHtmlCacheBehavior [ RunTime:0.001000s ]
INFO: [ app_begin ] --END-- [ RunTime:0.001000s ]
INFO: [ view_parse ] --START--
INFO: [ template_filter ] --START--
INFO: Run Behavior\ContentReplaceBehavior [ RunTime:0.000000s ]
INFO: [ template_filter ] --END-- [ RunTime:0.000000s ]
INFO: Run Behavior\ParseTemplateBehavior [ RunTime:0.009000s ]
INFO: [ view_parse ] --END-- [ RunTime:0.009000s ]
INFO: [ view_filter ] --START--
INFO: Run Behavior\WriteHtmlCacheBehavior [ RunTime:0.000000s ]
INFO: [ view_filter ] --END-- [ RunTime:0.001000s ]
INFO: [ app_end ] --START--
INFO: Run Behavior\ShowPageTraceBehavior [ RunTime:0.000000s ]
INFO: [ app_end ] --END-- [ RunTime:0.000000s ]

[ 2015-05-13T15:34:53+08:00 ] 127.0.0.1 /lunwen/index.php/home/dept/dept_tree
INFO: [ app_init ] --START--
INFO: Run Behavior\BuildLiteBehavior [ RunTime:0.000000s ]
INFO: [ app_init ] --END-- [ RunTime:0.001000s ]
INFO: [ app_begin ] --START--
INFO: Run Behavior\ReadHtmlCacheBehavior [ RunTime:0.002000s ]
INFO: [ app_begin ] --END-- [ RunTime:0.002000s ]
SQL: SHOW COLUMNS FROM `dept` [ RunTime:0.013001s ]
SQL: SELECT * FROM `dept`  [ RunTime:0.000000s ]
INFO: [ app_end ] --START--
INFO: Run Behavior\ShowPageTraceBehavior [ RunTime:0.000000s ]
INFO: [ app_end ] --END-- [ RunTime:0.000000s ]

[ 2015-05-13T15:34:54+08:00 ] 127.0.0.1 /lunwen/index.php/home/device/device_type_data
INFO: [ app_init ] --START--
INFO: Run Behavior\BuildLiteBehavior [ RunTime:0.000000s ]
INFO: [ app_init ] --END-- [ RunTime:0.001000s ]
INFO: [ app_begin ] --START--
INFO: Run Behavior\ReadHtmlCacheBehavior [ RunTime:0.001000s ]
INFO: [ app_begin ] --END-- [ RunTime:0.001000s ]
SQL: SHOW COLUMNS FROM `device_rate` [ RunTime:0.015000s ]
SQL: SELECT * FROM `device_rate`  [ RunTime:0.001001s ]
INFO: [ app_end ] --START--
INFO: Run Behavior\ShowPageTraceBehavior [ RunTime:0.003000s ]
INFO: [ app_end ] --END-- [ RunTime:0.003000s ]

[ 2015-05-13T15:35:06+08:00 ] 127.0.0.1 /lunwen/
INFO: [ app_init ] --START--
INFO: Run Behavior\BuildLiteBehavior [ RunTime:0.000000s ]
INFO: [ app_init ] --END-- [ RunTime:0.001000s ]
INFO: [ app_begin ] --START--
INFO: Run Behavior\ReadHtmlCacheBehavior [ RunTime:0.000000s ]
INFO: [ app_begin ] --END-- [ RunTime:0.000000s ]
INFO: [ view_parse ] --START--
INFO: [ template_filter ] --START--
INFO: Run Behavior\ContentReplaceBehavior [ RunTime:0.000000s ]
INFO: [ template_filter ] --END-- [ RunTime:0.000000s ]
INFO: Run Behavior\ParseTemplateBehavior [ RunTime:0.007000s ]
INFO: [ view_parse ] --END-- [ RunTime:0.007000s ]
INFO: [ view_filter ] --START--
INFO: Run Behavior\WriteHtmlCacheBehavior [ RunTime:0.000000s ]
INFO: [ view_filter ] --END-- [ RunTime:0.000000s ]
INFO: [ app_end ] --START--
INFO: Run Behavior\ShowPageTraceBehavior [ RunTime:0.001000s ]
INFO: [ app_end ] --END-- [ RunTime:0.001000s ]

[ 2015-05-13T15:35:08+08:00 ] 127.0.0.1 /lunwen/index.php/home/index/authority_tree
INFO: [ app_init ] --START--
INFO: Run Behavior\BuildLiteBehavior [ RunTime:0.000000s ]
INFO: [ app_init ] --END-- [ RunTime:0.001000s ]
INFO: [ app_begin ] --START--
INFO: Run Behavior\ReadHtmlCacheBehavior [ RunTime:0.000000s ]
INFO: [ app_begin ] --END-- [ RunTime:0.000000s ]
SQL: SHOW COLUMNS FROM `user` [ RunTime:0.010001s ]
SQL: SELECT * FROM `user` WHERE ( username='admin' and password ='admin' )  [ RunTime:0.001000s ]
SQL: SHOW COLUMNS FROM `role` [ RunTime:0.010000s ]
SQL: SELECT * FROM `role` WHERE ( id=8 )  [ RunTime:0.001000s ]
SQL: SHOW COLUMNS FROM `authority` [ RunTime:0.003001s ]
SQL: SELECT * FROM `authority` WHERE `id` IN ('1','0','2','3','4','5','6','7','26','8','9','10','11','12','13','14','15','16','17','18','19','20','21','22','23','24','25')  [ RunTime:0.000000s ]
INFO: [ app_end ] --START--
INFO: Run Behavior\ShowPageTraceBehavior [ RunTime:0.000000s ]
INFO: [ app_end ] --END-- [ RunTime:0.000000s ]

[ 2015-05-13T15:35:09+08:00 ] 127.0.0.1 /lunwen/index.php/home/fixedassets/tofixed_add
INFO: [ app_init ] --START--
INFO: Run Behavior\BuildLiteBehavior [ RunTime:0.000000s ]
INFO: [ app_init ] --END-- [ RunTime:0.001000s ]
INFO: [ app_begin ] --START--
INFO: Run Behavior\ReadHtmlCacheBehavior [ RunTime:0.000000s ]
INFO: [ app_begin ] --END-- [ RunTime:0.000000s ]
INFO: [ view_parse ] --START--
INFO: [ template_filter ] --START--
INFO: Run Behavior\ContentReplaceBehavior [ RunTime:0.000000s ]
INFO: [ template_filter ] --END-- [ RunTime:0.000000s ]
INFO: Run Behavior\ParseTemplateBehavior [ RunTime:0.006000s ]
INFO: [ view_parse ] --END-- [ RunTime:0.006000s ]
INFO: [ view_filter ] --START--
INFO: Run Behavior\WriteHtmlCacheBehavior [ RunTime:0.001000s ]
INFO: [ view_filter ] --END-- [ RunTime:0.001000s ]
INFO: [ app_end ] --START--
INFO: Run Behavior\ShowPageTraceBehavior [ RunTime:0.000000s ]
INFO: [ app_end ] --END-- [ RunTime:0.000000s ]

[ 2015-05-13T15:35:10+08:00 ] 127.0.0.1 /lunwen/index.php/home/dept/dept_tree
INFO: [ app_init ] --START--
INFO: Run Behavior\BuildLiteBehavior [ RunTime:0.000000s ]
INFO: [ app_init ] --END-- [ RunTime:0.000000s ]
INFO: [ app_begin ] --START--
INFO: Run Behavior\ReadHtmlCacheBehavior [ RunTime:0.001000s ]
INFO: [ app_begin ] --END-- [ RunTime:0.001000s ]
SQL: SHOW COLUMNS FROM `dept` [ RunTime:0.013001s ]
SQL: SELECT * FROM `dept`  [ RunTime:0.000000s ]
INFO: [ app_end ] --START--
INFO: Run Behavior\ShowPageTraceBehavior [ RunTime:0.002000s ]
INFO: [ app_end ] --END-- [ RunTime:0.003000s ]

[ 2015-05-13T15:35:11+08:00 ] 127.0.0.1 /lunwen/index.php/home/device/device_type_data
INFO: [ app_init ] --START--
INFO: Run Behavior\BuildLiteBehavior [ RunTime:0.000000s ]
INFO: [ app_init ] --END-- [ RunTime:0.000000s ]
INFO: [ app_begin ] --START--
INFO: Run Behavior\ReadHtmlCacheBehavior [ RunTime:0.001000s ]
INFO: [ app_begin ] --END-- [ RunTime:0.001000s ]
SQL: SHOW COLUMNS FROM `device_rate` [ RunTime:0.006000s ]
SQL: SELECT * FROM `device_rate`  [ RunTime:0.000000s ]
INFO: [ app_end ] --START--
INFO: Run Behavior\ShowPageTraceBehavior [ RunTime:0.001000s ]
INFO: [ app_end ] --END-- [ RunTime:0.001000s ]

[ 2015-05-13T15:36:01+08:00 ] 127.0.0.1 /lunwen/
INFO: [ app_init ] --START--
INFO: Run Behavior\BuildLiteBehavior [ RunTime:0.000000s ]
INFO: [ app_init ] --END-- [ RunTime:0.000000s ]
INFO: [ app_begin ] --START--
INFO: Run Behavior\ReadHtmlCacheBehavior [ RunTime:0.000000s ]
INFO: [ app_begin ] --END-- [ RunTime:0.000000s ]
INFO: [ view_parse ] --START--
INFO: [ template_filter ] --START--
INFO: Run Behavior\ContentReplaceBehavior [ RunTime:0.001000s ]
INFO: [ template_filter ] --END-- [ RunTime:0.001000s ]
INFO: Run Behavior\ParseTemplateBehavior [ RunTime:0.007000s ]
INFO: [ view_parse ] --END-- [ RunTime:0.007000s ]
INFO: [ view_filter ] --START--
INFO: Run Behavior\WriteHtmlCacheBehavior [ RunTime:0.001000s ]
INFO: [ view_filter ] --END-- [ RunTime:0.001000s ]
INFO: [ app_end ] --START--
INFO: Run Behavior\ShowPageTraceBehavior [ RunTime:0.001000s ]
INFO: [ app_end ] --END-- [ RunTime:0.002001s ]

[ 2015-05-13T15:36:02+08:00 ] 127.0.0.1 /lunwen/index.php/home/index/authority_tree
INFO: [ app_init ] --START--
INFO: Run Behavior\BuildLiteBehavior [ RunTime:0.000000s ]
INFO: [ app_init ] --END-- [ RunTime:0.000000s ]
INFO: [ app_begin ] --START--
INFO: Run Behavior\ReadHtmlCacheBehavior [ RunTime:0.000000s ]
INFO: [ app_begin ] --END-- [ RunTime:0.001000s ]
SQL: SHOW COLUMNS FROM `user` [ RunTime:0.016600s ]
SQL: SELECT * FROM `user` WHERE ( username='admin' and password ='admin' )  [ RunTime:0.001001s ]
SQL: SHOW COLUMNS FROM `role` [ RunTime:0.009000s ]
SQL: SELECT * FROM `role` WHERE ( id=8 )  [ RunTime:0.000000s ]
SQL: SHOW COLUMNS FROM `authority` [ RunTime:0.015600s ]
SQL: SELECT * FROM `authority` WHERE `id` IN ('1','0','2','3','4','5','6','7','26','8','9','10','11','12','13','14','15','16','17','18','19','20','21','22','23','24','25')  [ RunTime:0.000000s ]
INFO: [ app_end ] --START--
INFO: Run Behavior\ShowPageTraceBehavior [ RunTime:0.000000s ]
INFO: [ app_end ] --END-- [ RunTime:0.000000s ]

[ 2015-05-13T15:36:03+08:00 ] 127.0.0.1 /lunwen/index.php/home/fixedassets/tofixed_add
INFO: [ app_init ] --START--
INFO: Run Behavior\BuildLiteBehavior [ RunTime:0.000000s ]
INFO: [ app_init ] --END-- [ RunTime:0.001000s ]
INFO: [ app_begin ] --START--
INFO: Run Behavior\ReadHtmlCacheBehavior [ RunTime:0.001000s ]
INFO: [ app_begin ] --END-- [ RunTime:0.002000s ]
INFO: [ view_parse ] --START--
INFO: [ template_filter ] --START--
INFO: Run Behavior\ContentReplaceBehavior [ RunTime:0.000000s ]
INFO: [ template_filter ] --END-- [ RunTime:0.000000s ]
INFO: Run Behavior\ParseTemplateBehavior [ RunTime:0.010001s ]
INFO: [ view_parse ] --END-- [ RunTime:0.010001s ]
INFO: [ view_filter ] --START--
INFO: Run Behavior\WriteHtmlCacheBehavior [ RunTime:0.001000s ]
INFO: [ view_filter ] --END-- [ RunTime:0.001000s ]
INFO: [ app_end ] --START--
INFO: Run Behavior\ShowPageTraceBehavior [ RunTime:0.001000s ]
INFO: [ app_end ] --END-- [ RunTime:0.001000s ]

[ 2015-05-13T15:36:04+08:00 ] 127.0.0.1 /lunwen/index.php/home/dept/dept_tree
INFO: [ app_init ] --START--
INFO: Run Behavior\BuildLiteBehavior [ RunTime:0.000000s ]
INFO: [ app_init ] --END-- [ RunTime:0.000000s ]
INFO: [ app_begin ] --START--
INFO: Run Behavior\ReadHtmlCacheBehavior [ RunTime:0.000000s ]
INFO: [ app_begin ] --END-- [ RunTime:0.000000s ]
SQL: SHOW COLUMNS FROM `dept` [ RunTime:0.005000s ]
SQL: SELECT * FROM `dept`  [ RunTime:0.000000s ]
INFO: [ app_end ] --START--
INFO: Run Behavior\ShowPageTraceBehavior [ RunTime:0.001001s ]
INFO: [ app_end ] --END-- [ RunTime:0.001001s ]

[ 2015-05-13T15:36:05+08:00 ] 127.0.0.1 /lunwen/index.php/home/device/device_type_data
INFO: [ app_init ] --START--
INFO: Run Behavior\BuildLiteBehavior [ RunTime:0.000000s ]
INFO: [ app_init ] --END-- [ RunTime:0.001001s ]
INFO: [ app_begin ] --START--
INFO: Run Behavior\ReadHtmlCacheBehavior [ RunTime:0.001000s ]
INFO: [ app_begin ] --END-- [ RunTime:0.002000s ]
SQL: SHOW COLUMNS FROM `device_rate` [ RunTime:0.007000s ]
SQL: SELECT * FROM `device_rate`  [ RunTime:0.000000s ]
INFO: [ app_end ] --START--
INFO: Run Behavior\ShowPageTraceBehavior [ RunTime:0.001000s ]
INFO: [ app_end ] --END-- [ RunTime:0.001000s ]

[ 2015-05-13T15:36:29+08:00 ] 127.0.0.1 /lunwen/
INFO: [ app_init ] --START--
INFO: Run Behavior\BuildLiteBehavior [ RunTime:0.000000s ]
INFO: [ app_init ] --END-- [ RunTime:0.001000s ]
INFO: [ app_begin ] --START--
INFO: Run Behavior\ReadHtmlCacheBehavior [ RunTime:0.001000s ]
INFO: [ app_begin ] --END-- [ RunTime:0.001000s ]
INFO: [ view_parse ] --START--
INFO: [ template_filter ] --START--
INFO: Run Behavior\ContentReplaceBehavior [ RunTime:0.001000s ]
INFO: [ template_filter ] --END-- [ RunTime:0.001000s ]
INFO: Run Behavior\ParseTemplateBehavior [ RunTime:0.009001s ]
INFO: [ view_parse ] --END-- [ RunTime:0.009001s ]
INFO: [ view_filter ] --START--
INFO: Run Behavior\WriteHtmlCacheBehavior [ RunTime:0.000000s ]
INFO: [ view_filter ] --END-- [ RunTime:0.000000s ]
INFO: [ app_end ] --START--
INFO: Run Behavior\ShowPageTraceBehavior [ RunTime:0.001000s ]
INFO: [ app_end ] --END-- [ RunTime:0.001000s ]

[ 2015-05-13T15:36:30+08:00 ] 127.0.0.1 /lunwen/index.php/home/index/authority_tree
INFO: [ app_init ] --START--
INFO: Run Behavior\BuildLiteBehavior [ RunTime:0.000000s ]
INFO: [ app_init ] --END-- [ RunTime:0.000000s ]
INFO: [ app_begin ] --START--
INFO: Run Behavior\ReadHtmlCacheBehavior [ RunTime:0.001000s ]
INFO: [ app_begin ] --END-- [ RunTime:0.001000s ]
SQL: SHOW COLUMNS FROM `user` [ RunTime:0.007000s ]
SQL: SELECT * FROM `user` WHERE ( username='admin' and password ='admin' )  [ RunTime:0.001000s ]
SQL: SHOW COLUMNS FROM `role` [ RunTime:0.006000s ]
SQL: SELECT * FROM `role` WHERE ( id=8 )  [ RunTime:0.000000s ]
SQL: SHOW COLUMNS FROM `authority` [ RunTime:0.004001s ]
SQL: SELECT * FROM `authority` WHERE `id` IN ('1','0','2','3','4','5','6','7','26','8','9','10','11','12','13','14','15','16','17','18','19','20','21','22','23','24','25')  [ RunTime:0.000000s ]
INFO: [ app_end ] --START--
INFO: Run Behavior\ShowPageTraceBehavior [ RunTime:0.001000s ]
INFO: [ app_end ] --END-- [ RunTime:0.001000s ]

[ 2015-05-13T15:36:30+08:00 ] 127.0.0.1 /lunwen/
INFO: [ app_init ] --START--
INFO: Run Behavior\BuildLiteBehavior [ RunTime:0.000000s ]
INFO: [ app_init ] --END-- [ RunTime:0.001000s ]
INFO: [ app_begin ] --START--
INFO: Run Behavior\ReadHtmlCacheBehavior [ RunTime:0.001000s ]
INFO: [ app_begin ] --END-- [ RunTime:0.001000s ]
INFO: [ view_parse ] --START--
INFO: [ template_filter ] --START--
INFO: Run Behavior\ContentReplaceBehavior [ RunTime:0.000000s ]
INFO: [ template_filter ] --END-- [ RunTime:0.000000s ]
INFO: Run Behavior\ParseTemplateBehavior [ RunTime:0.009001s ]
INFO: [ view_parse ] --END-- [ RunTime:0.009001s ]
INFO: [ view_filter ] --START--
INFO: Run Behavior\WriteHtmlCacheBehavior [ RunTime:0.000000s ]
INFO: [ view_filter ] --END-- [ RunTime:0.000000s ]
INFO: [ app_end ] --START--
INFO: Run Behavior\ShowPageTraceBehavior [ RunTime:0.001000s ]
INFO: [ app_end ] --END-- [ RunTime:0.001000s ]

[ 2015-05-13T15:36:31+08:00 ] 127.0.0.1 /lunwen/index.php/home/index/authority_tree
INFO: [ app_init ] --START--
INFO: Run Behavior\BuildLiteBehavior [ RunTime:0.000000s ]
INFO: [ app_init ] --END-- [ RunTime:0.001000s ]
INFO: [ app_begin ] --START--
INFO: Run Behavior\ReadHtmlCacheBehavior [ RunTime:0.001000s ]
INFO: [ app_begin ] --END-- [ RunTime:0.001000s ]
SQL: SHOW COLUMNS FROM `user` [ RunTime:0.018600s ]
SQL: SELECT * FROM `user` WHERE ( username='admin' and password ='admin' )  [ RunTime:0.001000s ]
SQL: SHOW COLUMNS FROM `role` [ RunTime:0.011001s ]
SQL: SELECT * FROM `role` WHERE ( id=8 )  [ RunTime:0.001000s ]
SQL: SHOW COLUMNS FROM `authority` [ RunTime:0.005000s ]
SQL: SELECT * FROM `authority` WHERE `id` IN ('1','0','2','3','4','5','6','7','26','8','9','10','11','12','13','14','15','16','17','18','19','20','21','22','23','24','25')  [ RunTime:0.001001s ]
INFO: [ app_end ] --START--
INFO: Run Behavior\ShowPageTraceBehavior [ RunTime:0.001000s ]
INFO: [ app_end ] --END-- [ RunTime:0.001000s ]

[ 2015-05-13T15:36:32+08:00 ] 127.0.0.1 /lunwen/index.php/home/fixedassets/tofixed_add
INFO: [ app_init ] --START--
INFO: Run Behavior\BuildLiteBehavior [ RunTime:0.001000s ]
INFO: [ app_init ] --END-- [ RunTime:0.001000s ]
INFO: [ app_begin ] --START--
INFO: Run Behavior\ReadHtmlCacheBehavior [ RunTime:0.001000s ]
INFO: [ app_begin ] --END-- [ RunTime:0.001000s ]
INFO: [ view_parse ] --START--
INFO: [ template_filter ] --START--
INFO: Run Behavior\ContentReplaceBehavior [ RunTime:0.000000s ]
INFO: [ template_filter ] --END-- [ RunTime:0.000000s ]
INFO: Run Behavior\ParseTemplateBehavior [ RunTime:0.007001s ]
INFO: [ view_parse ] --END-- [ RunTime:0.007001s ]
INFO: [ view_filter ] --START--
INFO: Run Behavior\WriteHtmlCacheBehavior [ RunTime:0.000000s ]
INFO: [ view_filter ] --END-- [ RunTime:0.000000s ]
INFO: [ app_end ] --START--
INFO: Run Behavior\ShowPageTraceBehavior [ RunTime:0.001000s ]
INFO: [ app_end ] --END-- [ RunTime:0.001000s ]

[ 2015-05-13T15:36:33+08:00 ] 127.0.0.1 /lunwen/index.php/home/dept/dept_tree
INFO: [ app_init ] --START--
INFO: Run Behavior\BuildLiteBehavior [ RunTime:0.000000s ]
INFO: [ app_init ] --END-- [ RunTime:0.001000s ]
INFO: [ app_begin ] --START--
INFO: Run Behavior\ReadHtmlCacheBehavior [ RunTime:0.001000s ]
INFO: [ app_begin ] --END-- [ RunTime:0.001000s ]
SQL: SHOW COLUMNS FROM `dept` [ RunTime:0.013001s ]
SQL: SELECT * FROM `dept`  [ RunTime:0.002000s ]
INFO: [ app_end ] --START--
INFO: Run Behavior\ShowPageTraceBehavior [ RunTime:0.002000s ]
INFO: [ app_end ] --END-- [ RunTime:0.002000s ]

[ 2015-05-13T15:36:34+08:00 ] 127.0.0.1 /lunwen/index.php/home/device/device_type_data
INFO: [ app_init ] --START--
INFO: Run Behavior\BuildLiteBehavior [ RunTime:0.000000s ]
INFO: [ app_init ] --END-- [ RunTime:0.001000s ]
INFO: [ app_begin ] --START--
INFO: Run Behavior\ReadHtmlCacheBehavior [ RunTime:0.000000s ]
INFO: [ app_begin ] --END-- [ RunTime:0.000000s ]
SQL: SHOW COLUMNS FROM `device_rate` [ RunTime:0.010001s ]
SQL: SELECT * FROM `device_rate`  [ RunTime:0.001000s ]
INFO: [ app_end ] --START--
INFO: Run Behavior\ShowPageTraceBehavior [ RunTime:0.002000s ]
INFO: [ app_end ] --END-- [ RunTime:0.002000s ]

[ 2015-05-13T15:36:42+08:00 ] 127.0.0.1 /lunwen/
INFO: [ app_init ] --START--
INFO: Run Behavior\BuildLiteBehavior [ RunTime:0.000000s ]
INFO: [ app_init ] --END-- [ RunTime:0.000000s ]
INFO: [ app_begin ] --START--
INFO: Run Behavior\ReadHtmlCacheBehavior [ RunTime:0.001000s ]
INFO: [ app_begin ] --END-- [ RunTime:0.001000s ]
INFO: [ view_parse ] --START--
INFO: [ template_filter ] --START--
INFO: Run Behavior\ContentReplaceBehavior [ RunTime:0.000000s ]
INFO: [ template_filter ] --END-- [ RunTime:0.000000s ]
INFO: Run Behavior\ParseTemplateBehavior [ RunTime:0.007001s ]
INFO: [ view_parse ] --END-- [ RunTime:0.008001s ]
INFO: [ view_filter ] --START--
INFO: Run Behavior\WriteHtmlCacheBehavior [ RunTime:0.000000s ]
INFO: [ view_filter ] --END-- [ RunTime:0.000000s ]
INFO: [ app_end ] --START--
INFO: Run Behavior\ShowPageTraceBehavior [ RunTime:0.000000s ]
INFO: [ app_end ] --END-- [ RunTime:0.000000s ]

[ 2015-05-13T15:36:44+08:00 ] 127.0.0.1 /lunwen/index.php/home/index/authority_tree
INFO: [ app_init ] --START--
INFO: Run Behavior\BuildLiteBehavior [ RunTime:0.000000s ]
INFO: [ app_init ] --END-- [ RunTime:0.001000s ]
INFO: [ app_begin ] --START--
INFO: Run Behavior\ReadHtmlCacheBehavior [ RunTime:0.001000s ]
INFO: [ app_begin ] --END-- [ RunTime:0.001000s ]
SQL: SHOW COLUMNS FROM `user` [ RunTime:0.007001s ]
SQL: SELECT * FROM `user` WHERE ( username='admin' and password ='admin' )  [ RunTime:0.001000s ]
SQL: SHOW COLUMNS FROM `role` [ RunTime:0.007000s ]
SQL: SELECT * FROM `role` WHERE ( id=8 )  [ RunTime:0.001000s ]
SQL: SHOW COLUMNS FROM `authority` [ RunTime:0.007000s ]
SQL: SELECT * FROM `authority` WHERE `id` IN ('1','0','2','3','4','5','6','7','26','8','9','10','11','12','13','14','15','16','17','18','19','20','21','22','23','24','25')  [ RunTime:0.001001s ]
INFO: [ app_end ] --START--
INFO: Run Behavior\ShowPageTraceBehavior [ RunTime:0.001000s ]
INFO: [ app_end ] --END-- [ RunTime:0.002000s ]

[ 2015-05-13T15:36:44+08:00 ] 127.0.0.1 /lunwen/
INFO: [ app_init ] --START--
INFO: Run Behavior\BuildLiteBehavior [ RunTime:0.000000s ]
INFO: [ app_init ] --END-- [ RunTime:0.000000s ]
INFO: [ app_begin ] --START--
INFO: Run Behavior\ReadHtmlCacheBehavior [ RunTime:0.000000s ]
INFO: [ app_begin ] --END-- [ RunTime:0.000000s ]
INFO: [ view_parse ] --START--
INFO: [ template_filter ] --START--
INFO: Run Behavior\ContentReplaceBehavior [ RunTime:0.000000s ]
INFO: [ template_filter ] --END-- [ RunTime:0.000000s ]
INFO: Run Behavior\ParseTemplateBehavior [ RunTime:0.010001s ]
INFO: [ view_parse ] --END-- [ RunTime:0.010001s ]
INFO: [ view_filter ] --START--
INFO: Run Behavior\WriteHtmlCacheBehavior [ RunTime:0.001000s ]
INFO: [ view_filter ] --END-- [ RunTime:0.001000s ]
INFO: [ app_end ] --START--
INFO: Run Behavior\ShowPageTraceBehavior [ RunTime:0.001000s ]
INFO: [ app_end ] --END-- [ RunTime:0.001000s ]

[ 2015-05-13T15:36:45+08:00 ] 127.0.0.1 /lunwen/index.php/home/index/authority_tree
INFO: [ app_init ] --START--
INFO: Run Behavior\BuildLiteBehavior [ RunTime:0.000000s ]
INFO: [ app_init ] --END-- [ RunTime:0.000000s ]
INFO: [ app_begin ] --START--
INFO: Run Behavior\ReadHtmlCacheBehavior [ RunTime:0.000000s ]
INFO: [ app_begin ] --END-- [ RunTime:0.000000s ]
SQL: SHOW COLUMNS FROM `user` [ RunTime:0.013000s ]
SQL: SELECT * FROM `user` WHERE ( username='admin' and password ='admin' )  [ RunTime:0.001000s ]
SQL: SHOW COLUMNS FROM `role` [ RunTime:0.012000s ]
SQL: SELECT * FROM `role` WHERE ( id=8 )  [ RunTime:0.001000s ]
SQL: SHOW COLUMNS FROM `authority` [ RunTime:0.010001s ]
SQL: SELECT * FROM `authority` WHERE `id` IN ('1','0','2','3','4','5','6','7','26','8','9','10','11','12','13','14','15','16','17','18','19','20','21','22','23','24','25')  [ RunTime:0.000000s ]
INFO: [ app_end ] --START--
INFO: Run Behavior\ShowPageTraceBehavior [ RunTime:0.001000s ]
INFO: [ app_end ] --END-- [ RunTime:0.001000s ]

[ 2015-05-13T15:36:46+08:00 ] 127.0.0.1 /lunwen/index.php/home/fixedassets/tofixed_add
INFO: [ app_init ] --START--
INFO: Run Behavior\BuildLiteBehavior [ RunTime:0.000000s ]
INFO: [ app_init ] --END-- [ RunTime:0.001000s ]
INFO: [ app_begin ] --START--
INFO: Run Behavior\ReadHtmlCacheBehavior [ RunTime:0.001000s ]
INFO: [ app_begin ] --END-- [ RunTime:0.001000s ]
INFO: [ view_parse ] --START--
INFO: [ template_filter ] --START--
INFO: Run Behavior\ContentReplaceBehavior [ RunTime:0.000000s ]
INFO: [ template_filter ] --END-- [ RunTime:0.000000s ]
INFO: Run Behavior\ParseTemplateBehavior [ RunTime:0.007000s ]
INFO: [ view_parse ] --END-- [ RunTime:0.007000s ]
INFO: [ view_filter ] --START--
INFO: Run Behavior\WriteHtmlCacheBehavior [ RunTime:0.001000s ]
INFO: [ view_filter ] --END-- [ RunTime:0.001000s ]
INFO: [ app_end ] --START--
INFO: Run Behavior\ShowPageTraceBehavior [ RunTime:0.000000s ]
INFO: [ app_end ] --END-- [ RunTime:0.000000s ]

[ 2015-05-13T15:36:47+08:00 ] 127.0.0.1 /lunwen/index.php/home/dept/dept_tree
INFO: [ app_init ] --START--
INFO: Run Behavior\BuildLiteBehavior [ RunTime:0.000000s ]
INFO: [ app_init ] --END-- [ RunTime:0.000000s ]
INFO: [ app_begin ] --START--
INFO: Run Behavior\ReadHtmlCacheBehavior [ RunTime:0.001000s ]
INFO: [ app_begin ] --END-- [ RunTime:0.001000s ]
SQL: SHOW COLUMNS FROM `dept` [ RunTime:0.005001s ]
SQL: SELECT * FROM `dept`  [ RunTime:0.000000s ]
INFO: [ app_end ] --START--
INFO: Run Behavior\ShowPageTraceBehavior [ RunTime:0.000000s ]
INFO: [ app_end ] --END-- [ RunTime:0.000000s ]

[ 2015-05-13T15:36:48+08:00 ] 127.0.0.1 /lunwen/index.php/home/device/device_type_data
INFO: [ app_init ] --START--
INFO: Run Behavior\BuildLiteBehavior [ RunTime:0.001000s ]
INFO: [ app_init ] --END-- [ RunTime:0.001000s ]
INFO: [ app_begin ] --START--
INFO: Run Behavior\ReadHtmlCacheBehavior [ RunTime:0.001000s ]
INFO: [ app_begin ] --END-- [ RunTime:0.001000s ]
SQL: SHOW COLUMNS FROM `device_rate` [ RunTime:0.013001s ]
SQL: SELECT * FROM `device_rate`  [ RunTime:0.001000s ]
INFO: [ app_end ] --START--
INFO: Run Behavior\ShowPageTraceBehavior [ RunTime:0.002000s ]
INFO: [ app_end ] --END-- [ RunTime:0.003000s ]

[ 2015-05-13T15:36:48+08:00 ] 127.0.0.1 /lunwen/index.php/home/fixedassets/topiliang_add
INFO: [ app_init ] --START--
INFO: Run Behavior\BuildLiteBehavior [ RunTime:0.000000s ]
INFO: [ app_init ] --END-- [ RunTime:0.000000s ]
INFO: [ app_begin ] --START--
INFO: Run Behavior\ReadHtmlCacheBehavior [ RunTime:0.001000s ]
INFO: [ app_begin ] --END-- [ RunTime:0.001000s ]
INFO: [ view_parse ] --START--
INFO: [ template_filter ] --START--
INFO: Run Behavior\ContentReplaceBehavior [ RunTime:0.000000s ]
INFO: [ template_filter ] --END-- [ RunTime:0.000000s ]
INFO: Run Behavior\ParseTemplateBehavior [ RunTime:0.012001s ]
INFO: [ view_parse ] --END-- [ RunTime:0.012001s ]
INFO: [ view_filter ] --START--
INFO: Run Behavior\WriteHtmlCacheBehavior [ RunTime:0.001000s ]
INFO: [ view_filter ] --END-- [ RunTime:0.001000s ]
INFO: [ app_end ] --START--
INFO: Run Behavior\ShowPageTraceBehavior [ RunTime:0.001000s ]
INFO: [ app_end ] --END-- [ RunTime:0.001000s ]

[ 2015-05-13T15:38:49+08:00 ] 127.0.0.1 /lunwen/index.php/home/Fixedassets/piliang_add
INFO: [ app_init ] --START--
INFO: Run Behavior\BuildLiteBehavior [ RunTime:0.000000s ]
INFO: [ app_init ] --END-- [ RunTime:0.001000s ]
INFO: [ app_begin ] --START--
INFO: Run Behavior\ReadHtmlCacheBehavior [ RunTime:0.001000s ]
INFO: [ app_begin ] --END-- [ RunTime:0.001000s ]
SQL: SHOW COLUMNS FROM `fixed_assets` [ RunTime:0.015001s ]
SQL: SHOW COLUMNS FROM `dept` [ RunTime:0.010001s ]
SQL: SELECT * FROM `dept` WHERE ( text='‰∏ÄÂπ¥Á∫ßË¥¢Âä°Â§Ñ' )  [ RunTime:0.000000s ]
SQL: SHOW COLUMNS FROM `device_rate` [ RunTime:0.005000s ]
SQL: SELECT * FROM `device_rate` WHERE ( device_type='ÁîµÂä®ËΩ¶' )  [ RunTime:0.000000s ]
SQL: SELECT * FROM `device_rate` WHERE ( id=10 )  [ RunTime:0.001000s ]
SQL: INSERT INTO `fixed_assets` (`device_name`,`buy_time`,`buy_money`,`dept`,`device_type`,`num`,`retirement_life`) VALUES ('ÁîµÂä®ËΩ\¶2Âè\∑','2010-09-10',3000,26,10,2,5) [ RunTime:0.004001s ]
SQL: SELECT * FROM `dept` WHERE ( text='‰∏ÄÂπ¥Á∫ßÊïôÂä°Â§Ñ' )  [ RunTime:0.000000s ]
SQL: SELECT * FROM `device_rate` WHERE ( device_type='ÁîµÂä®ËΩ¶' )  [ RunTime:0.001000s ]
SQL: SELECT * FROM `device_rate` WHERE ( id=10 )  [ RunTime:0.000000s ]
SQL: INSERT INTO `fixed_assets` (`device_name`,`buy_time`,`buy_money`,`dept`,`device_type`,`num`,`retirement_life`) VALUES ('ÁîµÂä®ËΩ\¶3Âè\∑','2011-09-10',4000,28,10,3,5) [ RunTime:0.003000s ]
INFO: [ app_end ] --START--
INFO: Run Behavior\ShowPageTraceBehavior [ RunTime:0.002000s ]
INFO: [ app_end ] --END-- [ RunTime:0.002000s ]

[ 2015-05-13T15:38:50+08:00 ] 127.0.0.1 /lunwen/index.php/home/fixedassets/index
INFO: [ app_init ] --START--
INFO: Run Behavior\BuildLiteBehavior [ RunTime:0.000000s ]
INFO: [ app_init ] --END-- [ RunTime:0.001000s ]
INFO: [ app_begin ] --START--
INFO: Run Behavior\ReadHtmlCacheBehavior [ RunTime:0.001001s ]
INFO: [ app_begin ] --END-- [ RunTime:0.001001s ]
SQL: SHOW COLUMNS FROM `fixed_assets` [ RunTime:0.015000s ]
SQL: SELECT COUNT(*) AS tp_count FROM `fixed_assets` LIMIT 1   [ RunTime:0.000000s ]
SQL: SHOW COLUMNS FROM `device_rate` [ RunTime:0.006000s ]
SQL: SHOW COLUMNS FROM `dept` [ RunTime:0.008000s ]
SQL: SELECT * FROM `fixed_assets` ORDER BY id desc LIMIT 0,5   [ RunTime:0.001001s ]
SQL: SELECT * FROM `device_rate` WHERE ( id=10 )  [ RunTime:0.001000s ]
SQL: SELECT * FROM `dept` WHERE ( id=28 )  [ RunTime:0.000000s ]
SQL: SELECT * FROM `device_rate` WHERE ( id=10 )  [ RunTime:0.000000s ]
SQL: SELECT * FROM `dept` WHERE ( id=26 )  [ RunTime:0.001000s ]
SQL: SELECT * FROM `device_rate` WHERE ( id=8 )  [ RunTime:0.000000s ]
SQL: SELECT * FROM `dept` WHERE ( id=26 )  [ RunTime:0.000000s ]
INFO: [ view_parse ] --START--
INFO: [ template_filter ] --START--
INFO: Run Behavior\ContentReplaceBehavior [ RunTime:0.000000s ]
INFO: [ template_filter ] --END-- [ RunTime:0.000000s ]
NOTIC: [8] Undefined variable: dept C:\phpworkspace\lunwen\Application\Runtime\Cache\Home\77ea002ef4840d4a9f55c327cbffd89d.php Á¨¨ 57 Ë°å.
NOTIC: [8] Undefined variable: buy_time_start C:\phpworkspace\lunwen\Application\Runtime\Cache\Home\77ea002ef4840d4a9f55c327cbffd89d.php Á¨¨ 58 Ë°å.
NOTIC: [8] Undefined variable: buy_time_end C:\phpworkspace\lunwen\Application\Runtime\Cache\Home\77ea002ef4840d4a9f55c327cbffd89d.php Á¨¨ 60 Ë°å.
NOTIC: [8] Undefined variable: money_low C:\phpworkspace\lunwen\Application\Runtime\Cache\Home\77ea002ef4840d4a9f55c327cbffd89d.php Á¨¨ 62 Ë°å.
NOTIC: [8] Undefined variable: money_high C:\phpworkspace\lunwen\Application\Runtime\Cache\Home\77ea002ef4840d4a9f55c327cbffd89d.php Á¨¨ 62 Ë°å.
INFO: Run Behavior\ParseTemplateBehavior [ RunTime:0.014001s ]
INFO: [ view_parse ] --END-- [ RunTime:0.014001s ]
INFO: [ view_filter ] --START--
INFO: Run Behavior\WriteHtmlCacheBehavior [ RunTime:0.001000s ]
INFO: [ view_filter ] --END-- [ RunTime:0.001000s ]
INFO: [ app_end ] --START--
INFO: Run Behavior\ShowPageTraceBehavior [ RunTime:0.001000s ]
INFO: [ app_end ] --END-- [ RunTime:0.001000s ]

[ 2015-05-13T15:38:51+08:00 ] 127.0.0.1 /lunwen/index.php/home/device/device_type_data
INFO: [ app_init ] --START--
INFO: Run Behavior\BuildLiteBehavior [ RunTime:0.000000s ]
INFO: [ app_init ] --END-- [ RunTime:0.001000s ]
INFO: [ app_begin ] --START--
INFO: Run Behavior\ReadHtmlCacheBehavior [ RunTime:0.001000s ]
INFO: [ app_begin ] --END-- [ RunTime:0.001000s ]
SQL: SHOW COLUMNS FROM `device_rate` [ RunTime:0.015600s ]
SQL: SELECT * FROM `device_rate`  [ RunTime:0.000000s ]
INFO: [ app_end ] --START--
INFO: Run Behavior\ShowPageTraceBehavior [ RunTime:0.000000s ]
INFO: [ app_end ] --END-- [ RunTime:0.000000s ]

[ 2015-05-13T15:38:52+08:00 ] 127.0.0.1 /lunwen/index.php/home/dept/dept_tree
INFO: [ app_init ] --START--
INFO: Run Behavior\BuildLiteBehavior [ RunTime:0.000000s ]
INFO: [ app_init ] --END-- [ RunTime:0.001000s ]
INFO: [ app_begin ] --START--
INFO: Run Behavior\ReadHtmlCacheBehavior [ RunTime:0.000000s ]
INFO: [ app_begin ] --END-- [ RunTime:0.000000s ]
SQL: SHOW COLUMNS FROM `dept` [ RunTime:0.017601s ]
SQL: SELECT * FROM `dept`  [ RunTime:0.000000s ]
INFO: [ app_end ] --START--
INFO: Run Behavior\ShowPageTraceBehavior [ RunTime:0.001000s ]
INFO: [ app_end ] --END-- [ RunTime:0.001000s ]

[ 2015-05-13T15:38:57+08:00 ] 127.0.0.1 /lunwen/index.php/home/fixedassets/toFixed_update
INFO: [ app_init ] --START--
INFO: Run Behavior\BuildLiteBehavior [ RunTime:0.000000s ]
INFO: [ app_init ] --END-- [ RunTime:0.001000s ]
INFO: [ app_begin ] --START--
INFO: Run Behavior\ReadHtmlCacheBehavior [ RunTime:0.001000s ]
INFO: [ app_begin ] --END-- [ RunTime:0.001000s ]
SQL: SHOW COLUMNS FROM `fixed_assets` [ RunTime:0.014001s ]
SQL: SELECT COUNT(*) AS tp_count FROM `fixed_assets` LIMIT 1   [ RunTime:0.001000s ]
SQL: SHOW COLUMNS FROM `device_rate` [ RunTime:0.013001s ]
SQL: SHOW COLUMNS FROM `dept` [ RunTime:0.010000s ]
SQL: SELECT * FROM `fixed_assets` ORDER BY id desc LIMIT 0,5   [ RunTime:0.001000s ]
SQL: SELECT * FROM `device_rate` WHERE ( id=10 )  [ RunTime:0.000000s ]
SQL: SELECT * FROM `dept` WHERE ( id=28 )  [ RunTime:0.000000s ]
SQL: SELECT * FROM `device_rate` WHERE ( id=10 )  [ RunTime:0.000000s ]
SQL: SELECT * FROM `dept` WHERE ( id=26 )  [ RunTime:0.001001s ]
SQL: SELECT * FROM `device_rate` WHERE ( id=8 )  [ RunTime:0.001000s ]
SQL: SELECT * FROM `dept` WHERE ( id=26 )  [ RunTime:0.000000s ]
INFO: [ view_parse ] --START--
INFO: [ template_filter ] --START--
INFO: Run Behavior\ContentReplaceBehavior [ RunTime:0.000000s ]
INFO: [ template_filter ] --END-- [ RunTime:0.000000s ]
INFO: Run Behavior\ParseTemplateBehavior [ RunTime:0.021001s ]
INFO: [ view_parse ] --END-- [ RunTime:0.021001s ]
INFO: [ view_filter ] --START--
INFO: Run Behavior\WriteHtmlCacheBehavior [ RunTime:0.001000s ]
INFO: [ view_filter ] --END-- [ RunTime:0.001000s ]
INFO: [ app_end ] --START--
INFO: Run Behavior\ShowPageTraceBehavior [ RunTime:0.001000s ]
INFO: [ app_end ] --END-- [ RunTime:0.001000s ]

[ 2015-05-13T15:40:18+08:00 ] 127.0.0.1 /lunwen/index.php/home/fixedassets/index
INFO: [ app_init ] --START--
INFO: Run Behavior\BuildLiteBehavior [ RunTime:0.000000s ]
INFO: [ app_init ] --END-- [ RunTime:0.001000s ]
INFO: [ app_begin ] --START--
INFO: Run Behavior\ReadHtmlCacheBehavior [ RunTime:0.001000s ]
INFO: [ app_begin ] --END-- [ RunTime:0.002000s ]
SQL: SHOW COLUMNS FROM `fixed_assets` [ RunTime:0.006001s ]
SQL: SELECT COUNT(*) AS tp_count FROM `fixed_assets` LIMIT 1   [ RunTime:0.000000s ]
SQL: SHOW COLUMNS FROM `device_rate` [ RunTime:0.006000s ]
SQL: SHOW COLUMNS FROM `dept` [ RunTime:0.004000s ]
SQL: SELECT * FROM `fixed_assets` ORDER BY id desc LIMIT 0,5   [ RunTime:0.000000s ]
SQL: SELECT * FROM `device_rate` WHERE ( id=10 )  [ RunTime:0.000000s ]
SQL: SELECT * FROM `dept` WHERE ( id=28 )  [ RunTime:0.000000s ]
SQL: SELECT * FROM `device_rate` WHERE ( id=10 )  [ RunTime:0.001000s ]
SQL: SELECT * FROM `dept` WHERE ( id=26 )  [ RunTime:0.000000s ]
SQL: SELECT * FROM `device_rate` WHERE ( id=8 )  [ RunTime:0.000000s ]
SQL: SELECT * FROM `dept` WHERE ( id=26 )  [ RunTime:0.000000s ]
INFO: [ view_parse ] --START--
INFO: [ template_filter ] --START--
INFO: Run Behavior\ContentReplaceBehavior [ RunTime:0.000000s ]
INFO: [ template_filter ] --END-- [ RunTime:0.000000s ]
NOTIC: [8] Undefined variable: dept C:\phpworkspace\lunwen\Application\Runtime\Cache\Home\77ea002ef4840d4a9f55c327cbffd89d.php Á¨¨ 57 Ë°å.
NOTIC: [8] Undefined variable: buy_time_start C:\phpworkspace\lunwen\Application\Runtime\Cache\Home\77ea002ef4840d4a9f55c327cbffd89d.php Á¨¨ 58 Ë°å.
NOTIC: [8] Undefined variable: buy_time_end C:\phpworkspace\lunwen\Application\Runtime\Cache\Home\77ea002ef4840d4a9f55c327cbffd89d.php Á¨¨ 60 Ë°å.
NOTIC: [8] Undefined variable: money_low C:\phpworkspace\lunwen\Application\Runtime\Cache\Home\77ea002ef4840d4a9f55c327cbffd89d.php Á¨¨ 62 Ë°å.
NOTIC: [8] Undefined variable: money_high C:\phpworkspace\lunwen\Application\Runtime\Cache\Home\77ea002ef4840d4a9f55c327cbffd89d.php Á¨¨ 62 Ë°å.
INFO: Run Behavior\ParseTemplateBehavior [ RunTime:0.009000s ]
INFO: [ view_parse ] --END-- [ RunTime:0.009000s ]
INFO: [ view_filter ] --START--
INFO: Run Behavior\WriteHtmlCacheBehavior [ RunTime:0.001000s ]
INFO: [ view_filter ] --END-- [ RunTime:0.001000s ]
INFO: [ app_end ] --START--
INFO: Run Behavior\ShowPageTraceBehavior [ RunTime:0.000000s ]
INFO: [ app_end ] --END-- [ RunTime:0.000000s ]

[ 2015-05-13T15:40:19+08:00 ] 127.0.0.1 /lunwen/index.php/home/device/device_type_data
INFO: [ app_init ] --START--
INFO: Run Behavior\BuildLiteBehavior [ RunTime:0.000000s ]
INFO: [ app_init ] --END-- [ RunTime:0.001000s ]
INFO: [ app_begin ] --START--
INFO: Run Behavior\ReadHtmlCacheBehavior [ RunTime:0.001000s ]
INFO: [ app_begin ] --END-- [ RunTime:0.001000s ]
SQL: SHOW COLUMNS FROM `device_rate` [ RunTime:0.005000s ]
SQL: SELECT * FROM `device_rate`  [ RunTime:0.000000s ]
INFO: [ app_end ] --START--
INFO: Run Behavior\ShowPageTraceBehavior [ RunTime:0.001000s ]
INFO: [ app_end ] --END-- [ RunTime:0.001000s ]

[ 2015-05-13T15:40:20+08:00 ] 127.0.0.1 /lunwen/index.php/home/dept/dept_tree
INFO: [ app_init ] --START--
INFO: Run Behavior\BuildLiteBehavior [ RunTime:0.001000s ]
INFO: [ app_init ] --END-- [ RunTime:0.001000s ]
INFO: [ app_begin ] --START--
INFO: Run Behavior\ReadHtmlCacheBehavior [ RunTime:0.001000s ]
INFO: [ app_begin ] --END-- [ RunTime:0.002000s ]
SQL: SHOW COLUMNS FROM `dept` [ RunTime:0.006000s ]
SQL: SELECT * FROM `dept`  [ RunTime:0.000000s ]
INFO: [ app_end ] --START--
INFO: Run Behavior\ShowPageTraceBehavior [ RunTime:0.002000s ]
INFO: [ app_end ] --END-- [ RunTime:0.002000s ]

[ 2015-05-13T15:40:21+08:00 ] 127.0.0.1 /lunwen/index.php/home/tongji/index
INFO: [ app_init ] --START--
INFO: Run Behavior\BuildLiteBehavior [ RunTime:0.000000s ]
INFO: [ app_init ] --END-- [ RunTime:0.000000s ]
INFO: [ app_begin ] --START--
INFO: Run Behavior\ReadHtmlCacheBehavior [ RunTime:0.001000s ]
INFO: [ app_begin ] --END-- [ RunTime:0.001000s ]
SQL: SHOW COLUMNS FROM `fixed_assets` [ RunTime:0.005000s ]
SQL: SELECT COUNT(*) AS tp_count FROM `fixed_assets` LIMIT 1   [ RunTime:0.000000s ]
SQL: SHOW COLUMNS FROM `device_rate` [ RunTime:0.005000s ]
SQL: SHOW COLUMNS FROM `dept` [ RunTime:0.006001s ]
SQL: SELECT * FROM `fixed_assets` LIMIT 0,5   [ RunTime:0.000000s ]
SQL: SELECT * FROM `device_rate` WHERE ( id=8 )  [ RunTime:0.000000s ]
SQL: SELECT * FROM `dept` WHERE ( id=26 )  [ RunTime:0.001000s ]
SQL: SELECT * FROM `device_rate` WHERE ( id=10 )  [ RunTime:0.000000s ]
SQL: SELECT * FROM `dept` WHERE ( id=26 )  [ RunTime:0.000000s ]
SQL: SELECT * FROM `device_rate` WHERE ( id=10 )  [ RunTime:0.000000s ]
SQL: SELECT * FROM `dept` WHERE ( id=28 )  [ RunTime:0.000000s ]
INFO: [ view_parse ] --START--
INFO: [ template_filter ] --START--
INFO: Run Behavior\ContentReplaceBehavior [ RunTime:0.000000s ]
INFO: [ template_filter ] --END-- [ RunTime:0.000000s ]
INFO: Run Behavior\ParseTemplateBehavior [ RunTime:0.010001s ]
INFO: [ view_parse ] --END-- [ RunTime:0.010001s ]
INFO: [ view_filter ] --START--
INFO: Run Behavior\WriteHtmlCacheBehavior [ RunTime:0.000000s ]
INFO: [ view_filter ] --END-- [ RunTime:0.000000s ]
INFO: [ app_end ] --START--
INFO: Run Behavior\ShowPageTraceBehavior [ RunTime:0.001000s ]
INFO: [ app_end ] --END-- [ RunTime:0.001000s ]

[ 2015-05-13T15:40:22+08:00 ] 127.0.0.1 /lunwen/index.php/home/Fixedassets/shengchengbaobiao
INFO: [ app_init ] --START--
INFO: Run Behavior\BuildLiteBehavior [ RunTime:0.000000s ]
INFO: [ app_init ] --END-- [ RunTime:0.001000s ]
INFO: [ app_begin ] --START--
INFO: Run Behavior\ReadHtmlCacheBehavior [ RunTime:0.001000s ]
INFO: [ app_begin ] --END-- [ RunTime:0.001000s ]
SQL: SHOW COLUMNS FROM `dept` [ RunTime:0.013001s ]
SQL: SELECT * FROM `dept` WHERE ( fid='' )  [ RunTime:0.001000s ]
SQL: SELECT * FROM `dept` WHERE ( fid='25' )  [ RunTime:0.000000s ]
SQL: SELECT * FROM `dept` WHERE ( fid='26' )  [ RunTime:0.001000s ]
SQL: SELECT * FROM `dept` WHERE ( fid='27' )  [ RunTime:0.001000s ]
SQL: SELECT * FROM `dept` WHERE ( fid='28' )  [ RunTime:0.001000s ]
SQL: SHOW COLUMNS FROM `fixed_assets` [ RunTime:0.010000s ]
SQL: SELECT COUNT(*) AS tp_count FROM `fixed_assets` LIMIT 1   [ RunTime:0.000000s ]
SQL: SHOW COLUMNS FROM `device_rate` [ RunTime:0.007001s ]
SQL: SHOW COLUMNS FROM `dept` [ RunTime:0.009000s ]
SQL: SELECT * FROM `fixed_assets` WHERE `dept` IN ('28','27','26','25','') AND `buy_time` BETWEEN '1998-01-01' AND '2015-05-13' AND `buy_money` BETWEEN '0' AND '100000000000' ORDER BY id desc LIMIT 0,5   [ RunTime:0.001000s ]
SQL: SELECT * FROM `device_rate` WHERE ( id=10 )  [ RunTime:0.000000s ]
SQL: SELECT * FROM `dept` WHERE ( id=28 )  [ RunTime:0.000000s ]
SQL: SELECT * FROM `device_rate` WHERE ( id=10 )  [ RunTime:0.001000s ]
SQL: SELECT * FROM `dept` WHERE ( id=26 )  [ RunTime:0.000000s ]
SQL: SELECT * FROM `device_rate` WHERE ( id=8 )  [ RunTime:0.000000s ]
SQL: SELECT * FROM `dept` WHERE ( id=26 )  [ RunTime:0.001000s ]
INFO: [ app_end ] --START--
INFO: Run Behavior\ShowPageTraceBehavior [ RunTime:0.001000s ]
INFO: [ app_end ] --END-- [ RunTime:0.001000s ]

